[0.215s] DEBUG:colcon:Command line arguments: ['/usr/bin/colcon', 'build']
[0.215s] DEBUG:colcon:Parsed command line arguments: Namespace(allow_overriding=[], ament_cmake_args=None, base_paths=['.'], build_base='build', catkin_cmake_args=None, catkin_skip_building_tests=False, cmake_args=None, cmake_clean_cache=False, cmake_clean_first=False, cmake_force_configure=False, cmake_target=None, cmake_target_skip_unavailable=False, continue_on_error=False, event_handlers=None, executor='parallel', ignore_user_meta=False, install_base='install', log_base=None, log_level=None, main=<bound method BuildVerb.main of <colcon_core.verb.build.BuildVerb object at 0x7f22df983070>>, merge_install=False, metas=['./colcon.meta'], mixin=None, mixin_files=None, mixin_verb=('build',), packages_above=None, packages_above_and_dependencies=None, packages_above_depth=None, packages_end=None, packages_ignore=None, packages_ignore_regex=None, packages_select=None, packages_select_build_failed=False, packages_select_by_dep=None, packages_select_regex=None, packages_select_test_failures=False, packages_skip=None, packages_skip_build_finished=False, packages_skip_by_dep=None, packages_skip_regex=None, packages_skip_test_passed=False, packages_skip_up_to=None, packages_start=None, packages_up_to=None, packages_up_to_regex=None, parallel_workers=12, paths=None, symlink_install=False, test_result_base=None, verb_extension=<colcon_core.verb.build.BuildVerb object at 0x7f22df983070>, verb_name='build', verb_parser=<colcon_mixin.mixin.mixin_argument.MixinArgumentDecorator object at 0x7f22df832880>)
[0.365s] Level 1:colcon.colcon_core.package_discovery:discover_packages(colcon_meta) check parameters
[0.365s] Level 1:colcon.colcon_core.package_discovery:discover_packages(recursive) check parameters
[0.365s] Level 1:colcon.colcon_core.package_discovery:discover_packages(ignore) check parameters
[0.365s] Level 1:colcon.colcon_core.package_discovery:discover_packages(path) check parameters
[0.366s] Level 1:colcon.colcon_core.package_discovery:discover_packages(colcon_meta) discover
[0.366s] Level 1:colcon.colcon_core.package_discovery:discover_packages(recursive) discover
[0.366s] INFO:colcon.colcon_core.package_discovery:Crawling recursively for packages in '/home/kanishk/DRL_robot_navigation_ros2'
[0.366s] Level 1:colcon.colcon_core.package_identification:_identify(.) by extensions ['ignore', 'ignore_ament_install']
[0.366s] Level 1:colcon.colcon_core.package_identification:_identify(.) by extension 'ignore'
[0.366s] Level 1:colcon.colcon_core.package_identification:_identify(.) by extension 'ignore_ament_install'
[0.366s] Level 1:colcon.colcon_core.package_identification:_identify(.) by extensions ['colcon_pkg']
[0.366s] Level 1:colcon.colcon_core.package_identification:_identify(.) by extension 'colcon_pkg'
[0.366s] Level 1:colcon.colcon_core.package_identification:_identify(.) by extensions ['colcon_meta']
[0.366s] Level 1:colcon.colcon_core.package_identification:_identify(.) by extension 'colcon_meta'
[0.366s] Level 1:colcon.colcon_core.package_identification:_identify(.) by extensions ['ros']
[0.366s] Level 1:colcon.colcon_core.package_identification:_identify(.) by extension 'ros'
[0.376s] Level 1:colcon.colcon_core.package_identification:_identify(.) by extensions ['cmake', 'python']
[0.376s] Level 1:colcon.colcon_core.package_identification:_identify(.) by extension 'cmake'
[0.376s] Level 1:colcon.colcon_core.package_identification:_identify(.) by extension 'python'
[0.376s] Level 1:colcon.colcon_core.package_identification:_identify(.) by extensions ['python_setup_py']
[0.376s] Level 1:colcon.colcon_core.package_identification:_identify(.) by extension 'python_setup_py'
[0.376s] Level 1:colcon.colcon_core.package_identification:_identify(build) by extensions ['ignore', 'ignore_ament_install']
[0.376s] Level 1:colcon.colcon_core.package_identification:_identify(build) by extension 'ignore'
[0.376s] Level 1:colcon.colcon_core.package_identification:_identify(build) ignored
[0.377s] Level 1:colcon.colcon_core.package_identification:_identify(install) by extensions ['ignore', 'ignore_ament_install']
[0.377s] Level 1:colcon.colcon_core.package_identification:_identify(install) by extension 'ignore'
[0.377s] Level 1:colcon.colcon_core.package_identification:_identify(install) ignored
[0.377s] Level 1:colcon.colcon_core.package_identification:_identify(log) by extensions ['ignore', 'ignore_ament_install']
[0.377s] Level 1:colcon.colcon_core.package_identification:_identify(log) by extension 'ignore'
[0.377s] Level 1:colcon.colcon_core.package_identification:_identify(log) ignored
[0.377s] Level 1:colcon.colcon_core.package_identification:_identify(src) by extensions ['ignore', 'ignore_ament_install']
[0.377s] Level 1:colcon.colcon_core.package_identification:_identify(src) by extension 'ignore'
[0.377s] Level 1:colcon.colcon_core.package_identification:_identify(src) by extension 'ignore_ament_install'
[0.377s] Level 1:colcon.colcon_core.package_identification:_identify(src) by extensions ['colcon_pkg']
[0.377s] Level 1:colcon.colcon_core.package_identification:_identify(src) by extension 'colcon_pkg'
[0.377s] Level 1:colcon.colcon_core.package_identification:_identify(src) by extensions ['colcon_meta']
[0.377s] Level 1:colcon.colcon_core.package_identification:_identify(src) by extension 'colcon_meta'
[0.377s] Level 1:colcon.colcon_core.package_identification:_identify(src) by extensions ['ros']
[0.377s] Level 1:colcon.colcon_core.package_identification:_identify(src) by extension 'ros'
[0.377s] Level 1:colcon.colcon_core.package_identification:_identify(src) by extensions ['cmake', 'python']
[0.377s] Level 1:colcon.colcon_core.package_identification:_identify(src) by extension 'cmake'
[0.377s] Level 1:colcon.colcon_core.package_identification:_identify(src) by extension 'python'
[0.378s] Level 1:colcon.colcon_core.package_identification:_identify(src) by extensions ['python_setup_py']
[0.378s] Level 1:colcon.colcon_core.package_identification:_identify(src) by extension 'python_setup_py'
[0.378s] Level 1:colcon.colcon_core.package_identification:_identify(src/Documentation) by extensions ['ignore', 'ignore_ament_install']
[0.378s] Level 1:colcon.colcon_core.package_identification:_identify(src/Documentation) by extension 'ignore'
[0.378s] Level 1:colcon.colcon_core.package_identification:_identify(src/Documentation) by extension 'ignore_ament_install'
[0.378s] Level 1:colcon.colcon_core.package_identification:_identify(src/Documentation) by extensions ['colcon_pkg']
[0.378s] Level 1:colcon.colcon_core.package_identification:_identify(src/Documentation) by extension 'colcon_pkg'
[0.378s] Level 1:colcon.colcon_core.package_identification:_identify(src/Documentation) by extensions ['colcon_meta']
[0.378s] Level 1:colcon.colcon_core.package_identification:_identify(src/Documentation) by extension 'colcon_meta'
[0.378s] Level 1:colcon.colcon_core.package_identification:_identify(src/Documentation) by extensions ['ros']
[0.378s] Level 1:colcon.colcon_core.package_identification:_identify(src/Documentation) by extension 'ros'
[0.378s] Level 1:colcon.colcon_core.package_identification:_identify(src/Documentation) by extensions ['cmake', 'python']
[0.378s] Level 1:colcon.colcon_core.package_identification:_identify(src/Documentation) by extension 'cmake'
[0.378s] Level 1:colcon.colcon_core.package_identification:_identify(src/Documentation) by extension 'python'
[0.378s] Level 1:colcon.colcon_core.package_identification:_identify(src/Documentation) by extensions ['python_setup_py']
[0.378s] Level 1:colcon.colcon_core.package_identification:_identify(src/Documentation) by extension 'python_setup_py'
[0.378s] Level 1:colcon.colcon_core.package_identification:_identify(src/td3) by extensions ['ignore', 'ignore_ament_install']
[0.378s] Level 1:colcon.colcon_core.package_identification:_identify(src/td3) by extension 'ignore'
[0.378s] Level 1:colcon.colcon_core.package_identification:_identify(src/td3) by extension 'ignore_ament_install'
[0.379s] Level 1:colcon.colcon_core.package_identification:_identify(src/td3) by extensions ['colcon_pkg']
[0.379s] Level 1:colcon.colcon_core.package_identification:_identify(src/td3) by extension 'colcon_pkg'
[0.379s] Level 1:colcon.colcon_core.package_identification:_identify(src/td3) by extensions ['colcon_meta']
[0.379s] Level 1:colcon.colcon_core.package_identification:_identify(src/td3) by extension 'colcon_meta'
[0.379s] Level 1:colcon.colcon_core.package_identification:_identify(src/td3) by extensions ['ros']
[0.379s] Level 1:colcon.colcon_core.package_identification:_identify(src/td3) by extension 'ros'
[0.381s] DEBUG:colcon.colcon_core.package_identification:Package 'src/td3' with type 'ros.ament_cmake' and name 'td3'
[0.381s] Level 1:colcon.colcon_core.package_identification:_identify(src/velodyne_simulator) by extensions ['ignore', 'ignore_ament_install']
[0.381s] Level 1:colcon.colcon_core.package_identification:_identify(src/velodyne_simulator) by extension 'ignore'
[0.381s] Level 1:colcon.colcon_core.package_identification:_identify(src/velodyne_simulator) by extension 'ignore_ament_install'
[0.381s] Level 1:colcon.colcon_core.package_identification:_identify(src/velodyne_simulator) by extensions ['colcon_pkg']
[0.381s] Level 1:colcon.colcon_core.package_identification:_identify(src/velodyne_simulator) by extension 'colcon_pkg'
[0.381s] Level 1:colcon.colcon_core.package_identification:_identify(src/velodyne_simulator) by extensions ['colcon_meta']
[0.381s] Level 1:colcon.colcon_core.package_identification:_identify(src/velodyne_simulator) by extension 'colcon_meta'
[0.381s] Level 1:colcon.colcon_core.package_identification:_identify(src/velodyne_simulator) by extensions ['ros']
[0.381s] Level 1:colcon.colcon_core.package_identification:_identify(src/velodyne_simulator) by extension 'ros'
[0.382s] Level 1:colcon.colcon_core.package_identification:_identify(src/velodyne_simulator) by extensions ['cmake', 'python']
[0.382s] Level 1:colcon.colcon_core.package_identification:_identify(src/velodyne_simulator) by extension 'cmake'
[0.382s] Level 1:colcon.colcon_core.package_identification:_identify(src/velodyne_simulator) by extension 'python'
[0.382s] Level 1:colcon.colcon_core.package_identification:_identify(src/velodyne_simulator) by extensions ['python_setup_py']
[0.382s] Level 1:colcon.colcon_core.package_identification:_identify(src/velodyne_simulator) by extension 'python_setup_py'
[0.382s] Level 1:colcon.colcon_core.package_identification:_identify(src/velodyne_simulator/img) by extensions ['ignore', 'ignore_ament_install']
[0.382s] Level 1:colcon.colcon_core.package_identification:_identify(src/velodyne_simulator/img) by extension 'ignore'
[0.382s] Level 1:colcon.colcon_core.package_identification:_identify(src/velodyne_simulator/img) by extension 'ignore_ament_install'
[0.382s] Level 1:colcon.colcon_core.package_identification:_identify(src/velodyne_simulator/img) by extensions ['colcon_pkg']
[0.382s] Level 1:colcon.colcon_core.package_identification:_identify(src/velodyne_simulator/img) by extension 'colcon_pkg'
[0.382s] Level 1:colcon.colcon_core.package_identification:_identify(src/velodyne_simulator/img) by extensions ['colcon_meta']
[0.382s] Level 1:colcon.colcon_core.package_identification:_identify(src/velodyne_simulator/img) by extension 'colcon_meta'
[0.382s] Level 1:colcon.colcon_core.package_identification:_identify(src/velodyne_simulator/img) by extensions ['ros']
[0.382s] Level 1:colcon.colcon_core.package_identification:_identify(src/velodyne_simulator/img) by extension 'ros'
[0.382s] Level 1:colcon.colcon_core.package_identification:_identify(src/velodyne_simulator/img) by extensions ['cmake', 'python']
[0.382s] Level 1:colcon.colcon_core.package_identification:_identify(src/velodyne_simulator/img) by extension 'cmake'
[0.382s] Level 1:colcon.colcon_core.package_identification:_identify(src/velodyne_simulator/img) by extension 'python'
[0.382s] Level 1:colcon.colcon_core.package_identification:_identify(src/velodyne_simulator/img) by extensions ['python_setup_py']
[0.382s] Level 1:colcon.colcon_core.package_identification:_identify(src/velodyne_simulator/img) by extension 'python_setup_py'
[0.382s] Level 1:colcon.colcon_core.package_identification:_identify(src/velodyne_simulator/velodyne_description) by extensions ['ignore', 'ignore_ament_install']
[0.383s] Level 1:colcon.colcon_core.package_identification:_identify(src/velodyne_simulator/velodyne_description) by extension 'ignore'
[0.383s] Level 1:colcon.colcon_core.package_identification:_identify(src/velodyne_simulator/velodyne_description) by extension 'ignore_ament_install'
[0.383s] Level 1:colcon.colcon_core.package_identification:_identify(src/velodyne_simulator/velodyne_description) by extensions ['colcon_pkg']
[0.383s] Level 1:colcon.colcon_core.package_identification:_identify(src/velodyne_simulator/velodyne_description) by extension 'colcon_pkg'
[0.383s] Level 1:colcon.colcon_core.package_identification:_identify(src/velodyne_simulator/velodyne_description) by extensions ['colcon_meta']
[0.383s] Level 1:colcon.colcon_core.package_identification:_identify(src/velodyne_simulator/velodyne_description) by extension 'colcon_meta'
[0.383s] Level 1:colcon.colcon_core.package_identification:_identify(src/velodyne_simulator/velodyne_description) by extensions ['ros']
[0.383s] Level 1:colcon.colcon_core.package_identification:_identify(src/velodyne_simulator/velodyne_description) by extension 'ros'
[0.383s] DEBUG:colcon.colcon_core.package_identification:Package 'src/velodyne_simulator/velodyne_description' with type 'ros.ament_cmake' and name 'velodyne_description'
[0.384s] Level 1:colcon.colcon_core.package_identification:_identify(src/velodyne_simulator/velodyne_gazebo_plugins) by extensions ['ignore', 'ignore_ament_install']
[0.384s] Level 1:colcon.colcon_core.package_identification:_identify(src/velodyne_simulator/velodyne_gazebo_plugins) by extension 'ignore'
[0.384s] Level 1:colcon.colcon_core.package_identification:_identify(src/velodyne_simulator/velodyne_gazebo_plugins) by extension 'ignore_ament_install'
[0.384s] Level 1:colcon.colcon_core.package_identification:_identify(src/velodyne_simulator/velodyne_gazebo_plugins) by extensions ['colcon_pkg']
[0.384s] Level 1:colcon.colcon_core.package_identification:_identify(src/velodyne_simulator/velodyne_gazebo_plugins) by extension 'colcon_pkg'
[0.384s] Level 1:colcon.colcon_core.package_identification:_identify(src/velodyne_simulator/velodyne_gazebo_plugins) by extensions ['colcon_meta']
[0.384s] Level 1:colcon.colcon_core.package_identification:_identify(src/velodyne_simulator/velodyne_gazebo_plugins) by extension 'colcon_meta'
[0.384s] Level 1:colcon.colcon_core.package_identification:_identify(src/velodyne_simulator/velodyne_gazebo_plugins) by extensions ['ros']
[0.384s] Level 1:colcon.colcon_core.package_identification:_identify(src/velodyne_simulator/velodyne_gazebo_plugins) by extension 'ros'
[0.385s] DEBUG:colcon.colcon_core.package_identification:Package 'src/velodyne_simulator/velodyne_gazebo_plugins' with type 'ros.ament_cmake' and name 'velodyne_gazebo_plugins'
[0.385s] Level 1:colcon.colcon_core.package_identification:_identify(src/velodyne_simulator/velodyne_simulator) by extensions ['ignore', 'ignore_ament_install']
[0.385s] Level 1:colcon.colcon_core.package_identification:_identify(src/velodyne_simulator/velodyne_simulator) by extension 'ignore'
[0.385s] Level 1:colcon.colcon_core.package_identification:_identify(src/velodyne_simulator/velodyne_simulator) by extension 'ignore_ament_install'
[0.385s] Level 1:colcon.colcon_core.package_identification:_identify(src/velodyne_simulator/velodyne_simulator) by extensions ['colcon_pkg']
[0.385s] Level 1:colcon.colcon_core.package_identification:_identify(src/velodyne_simulator/velodyne_simulator) by extension 'colcon_pkg'
[0.385s] Level 1:colcon.colcon_core.package_identification:_identify(src/velodyne_simulator/velodyne_simulator) by extensions ['colcon_meta']
[0.385s] Level 1:colcon.colcon_core.package_identification:_identify(src/velodyne_simulator/velodyne_simulator) by extension 'colcon_meta'
[0.385s] Level 1:colcon.colcon_core.package_identification:_identify(src/velodyne_simulator/velodyne_simulator) by extensions ['ros']
[0.385s] Level 1:colcon.colcon_core.package_identification:_identify(src/velodyne_simulator/velodyne_simulator) by extension 'ros'
[0.386s] DEBUG:colcon.colcon_core.package_identification:Package 'src/velodyne_simulator/velodyne_simulator' with type 'ros.ament_cmake' and name 'velodyne_simulator'
[0.386s] Level 1:colcon.colcon_core.package_discovery:discover_packages(recursive) using defaults
[0.386s] Level 1:colcon.colcon_core.package_discovery:discover_packages(ignore) discover
[0.386s] Level 1:colcon.colcon_core.package_discovery:discover_packages(ignore) using defaults
[0.386s] Level 1:colcon.colcon_core.package_discovery:discover_packages(path) discover
[0.386s] Level 1:colcon.colcon_core.package_discovery:discover_packages(path) using defaults
[0.400s] Level 1:colcon.colcon_core.package_discovery:discover_packages(prefix_path) check parameters
[0.400s] Level 1:colcon.colcon_core.package_discovery:discover_packages(prefix_path) discover
[0.413s] DEBUG:colcon.colcon_installed_package_information.package_discovery:Found 5 installed packages in /home/kanishk/DRL_robot_navigation_ros2/install
[0.413s] Level 1:colcon.colcon_core.package_discovery:discover_packages(prefix_path) using defaults
[0.417s] Level 5:colcon.colcon_core.verb:set package 'td3' build argument 'cmake_args' from command line to 'None'
[0.417s] Level 5:colcon.colcon_core.verb:set package 'td3' build argument 'cmake_target' from command line to 'None'
[0.417s] Level 5:colcon.colcon_core.verb:set package 'td3' build argument 'cmake_target_skip_unavailable' from command line to 'False'
[0.417s] Level 5:colcon.colcon_core.verb:set package 'td3' build argument 'cmake_clean_cache' from command line to 'False'
[0.417s] Level 5:colcon.colcon_core.verb:set package 'td3' build argument 'cmake_clean_first' from command line to 'False'
[0.417s] Level 5:colcon.colcon_core.verb:set package 'td3' build argument 'cmake_force_configure' from command line to 'False'
[0.417s] Level 5:colcon.colcon_core.verb:set package 'td3' build argument 'ament_cmake_args' from command line to 'None'
[0.417s] Level 5:colcon.colcon_core.verb:set package 'td3' build argument 'catkin_cmake_args' from command line to 'None'
[0.417s] Level 5:colcon.colcon_core.verb:set package 'td3' build argument 'catkin_skip_building_tests' from command line to 'False'
[0.417s] DEBUG:colcon.colcon_core.verb:Building package 'td3' with the following arguments: {'ament_cmake_args': None, 'build_base': '/home/kanishk/DRL_robot_navigation_ros2/build/td3', 'catkin_cmake_args': None, 'catkin_skip_building_tests': False, 'cmake_args': None, 'cmake_clean_cache': False, 'cmake_clean_first': False, 'cmake_force_configure': False, 'cmake_target': None, 'cmake_target_skip_unavailable': False, 'install_base': '/home/kanishk/DRL_robot_navigation_ros2/install/td3', 'merge_install': False, 'path': '/home/kanishk/DRL_robot_navigation_ros2/src/td3', 'symlink_install': False, 'test_result_base': None}
[0.418s] Level 5:colcon.colcon_core.verb:set package 'velodyne_description' build argument 'cmake_args' from command line to 'None'
[0.418s] Level 5:colcon.colcon_core.verb:set package 'velodyne_description' build argument 'cmake_target' from command line to 'None'
[0.418s] Level 5:colcon.colcon_core.verb:set package 'velodyne_description' build argument 'cmake_target_skip_unavailable' from command line to 'False'
[0.418s] Level 5:colcon.colcon_core.verb:set package 'velodyne_description' build argument 'cmake_clean_cache' from command line to 'False'
[0.418s] Level 5:colcon.colcon_core.verb:set package 'velodyne_description' build argument 'cmake_clean_first' from command line to 'False'
[0.418s] Level 5:colcon.colcon_core.verb:set package 'velodyne_description' build argument 'cmake_force_configure' from command line to 'False'
[0.418s] Level 5:colcon.colcon_core.verb:set package 'velodyne_description' build argument 'ament_cmake_args' from command line to 'None'
[0.418s] Level 5:colcon.colcon_core.verb:set package 'velodyne_description' build argument 'catkin_cmake_args' from command line to 'None'
[0.418s] Level 5:colcon.colcon_core.verb:set package 'velodyne_description' build argument 'catkin_skip_building_tests' from command line to 'False'
[0.418s] DEBUG:colcon.colcon_core.verb:Building package 'velodyne_description' with the following arguments: {'ament_cmake_args': None, 'build_base': '/home/kanishk/DRL_robot_navigation_ros2/build/velodyne_description', 'catkin_cmake_args': None, 'catkin_skip_building_tests': False, 'cmake_args': None, 'cmake_clean_cache': False, 'cmake_clean_first': False, 'cmake_force_configure': False, 'cmake_target': None, 'cmake_target_skip_unavailable': False, 'install_base': '/home/kanishk/DRL_robot_navigation_ros2/install/velodyne_description', 'merge_install': False, 'path': '/home/kanishk/DRL_robot_navigation_ros2/src/velodyne_simulator/velodyne_description', 'symlink_install': False, 'test_result_base': None}
[0.419s] Level 5:colcon.colcon_core.verb:set package 'velodyne_gazebo_plugins' build argument 'cmake_args' from command line to 'None'
[0.419s] Level 5:colcon.colcon_core.verb:set package 'velodyne_gazebo_plugins' build argument 'cmake_target' from command line to 'None'
[0.419s] Level 5:colcon.colcon_core.verb:set package 'velodyne_gazebo_plugins' build argument 'cmake_target_skip_unavailable' from command line to 'False'
[0.419s] Level 5:colcon.colcon_core.verb:set package 'velodyne_gazebo_plugins' build argument 'cmake_clean_cache' from command line to 'False'
[0.419s] Level 5:colcon.colcon_core.verb:set package 'velodyne_gazebo_plugins' build argument 'cmake_clean_first' from command line to 'False'
[0.419s] Level 5:colcon.colcon_core.verb:set package 'velodyne_gazebo_plugins' build argument 'cmake_force_configure' from command line to 'False'
[0.419s] Level 5:colcon.colcon_core.verb:set package 'velodyne_gazebo_plugins' build argument 'ament_cmake_args' from command line to 'None'
[0.419s] Level 5:colcon.colcon_core.verb:set package 'velodyne_gazebo_plugins' build argument 'catkin_cmake_args' from command line to 'None'
[0.419s] Level 5:colcon.colcon_core.verb:set package 'velodyne_gazebo_plugins' build argument 'catkin_skip_building_tests' from command line to 'False'
[0.420s] DEBUG:colcon.colcon_core.verb:Building package 'velodyne_gazebo_plugins' with the following arguments: {'ament_cmake_args': None, 'build_base': '/home/kanishk/DRL_robot_navigation_ros2/build/velodyne_gazebo_plugins', 'catkin_cmake_args': None, 'catkin_skip_building_tests': False, 'cmake_args': None, 'cmake_clean_cache': False, 'cmake_clean_first': False, 'cmake_force_configure': False, 'cmake_target': None, 'cmake_target_skip_unavailable': False, 'install_base': '/home/kanishk/DRL_robot_navigation_ros2/install/velodyne_gazebo_plugins', 'merge_install': False, 'path': '/home/kanishk/DRL_robot_navigation_ros2/src/velodyne_simulator/velodyne_gazebo_plugins', 'symlink_install': False, 'test_result_base': None}
[0.420s] Level 5:colcon.colcon_core.verb:set package 'velodyne_simulator' build argument 'cmake_args' from command line to 'None'
[0.420s] Level 5:colcon.colcon_core.verb:set package 'velodyne_simulator' build argument 'cmake_target' from command line to 'None'
[0.420s] Level 5:colcon.colcon_core.verb:set package 'velodyne_simulator' build argument 'cmake_target_skip_unavailable' from command line to 'False'
[0.420s] Level 5:colcon.colcon_core.verb:set package 'velodyne_simulator' build argument 'cmake_clean_cache' from command line to 'False'
[0.420s] Level 5:colcon.colcon_core.verb:set package 'velodyne_simulator' build argument 'cmake_clean_first' from command line to 'False'
[0.420s] Level 5:colcon.colcon_core.verb:set package 'velodyne_simulator' build argument 'cmake_force_configure' from command line to 'False'
[0.420s] Level 5:colcon.colcon_core.verb:set package 'velodyne_simulator' build argument 'ament_cmake_args' from command line to 'None'
[0.420s] Level 5:colcon.colcon_core.verb:set package 'velodyne_simulator' build argument 'catkin_cmake_args' from command line to 'None'
[0.421s] Level 5:colcon.colcon_core.verb:set package 'velodyne_simulator' build argument 'catkin_skip_building_tests' from command line to 'False'
[0.421s] DEBUG:colcon.colcon_core.verb:Building package 'velodyne_simulator' with the following arguments: {'ament_cmake_args': None, 'build_base': '/home/kanishk/DRL_robot_navigation_ros2/build/velodyne_simulator', 'catkin_cmake_args': None, 'catkin_skip_building_tests': False, 'cmake_args': None, 'cmake_clean_cache': False, 'cmake_clean_first': False, 'cmake_force_configure': False, 'cmake_target': None, 'cmake_target_skip_unavailable': False, 'install_base': '/home/kanishk/DRL_robot_navigation_ros2/install/velodyne_simulator', 'merge_install': False, 'path': '/home/kanishk/DRL_robot_navigation_ros2/src/velodyne_simulator/velodyne_simulator', 'symlink_install': False, 'test_result_base': None}
[0.421s] INFO:colcon.colcon_core.executor:Executing jobs using 'parallel' executor
[0.422s] DEBUG:colcon.colcon_parallel_executor.executor.parallel:run_until_complete
[0.422s] INFO:colcon.colcon_ros.task.ament_cmake.build:Building ROS package in '/home/kanishk/DRL_robot_navigation_ros2/src/velodyne_simulator/velodyne_description' with build type 'ament_cmake'
[0.423s] INFO:colcon.colcon_cmake.task.cmake.build:Building CMake package in '/home/kanishk/DRL_robot_navigation_ros2/src/velodyne_simulator/velodyne_description'
[0.425s] INFO:colcon.colcon_core.plugin_system:Skipping extension 'colcon_core.shell.bat': Not used on non-Windows systems
[0.426s] INFO:colcon.colcon_core.shell:Skip shell extension 'powershell' for command environment: Not usable outside of PowerShell
[0.426s] DEBUG:colcon.colcon_core.shell:Skip shell extension 'dsv' for command environment
[0.429s] INFO:colcon.colcon_ros.task.ament_cmake.build:Building ROS package in '/home/kanishk/DRL_robot_navigation_ros2/src/velodyne_simulator/velodyne_gazebo_plugins' with build type 'ament_cmake'
[0.430s] INFO:colcon.colcon_cmake.task.cmake.build:Building CMake package in '/home/kanishk/DRL_robot_navigation_ros2/src/velodyne_simulator/velodyne_gazebo_plugins'
[0.430s] INFO:colcon.colcon_core.shell:Skip shell extension 'powershell' for command environment: Not usable outside of PowerShell
[0.430s] DEBUG:colcon.colcon_core.shell:Skip shell extension 'dsv' for command environment
[0.433s] INFO:colcon.colcon_ros.task.ament_cmake.build:Building ROS package in '/home/kanishk/DRL_robot_navigation_ros2/src/td3' with build type 'ament_cmake'
[0.433s] INFO:colcon.colcon_cmake.task.cmake.build:Building CMake package in '/home/kanishk/DRL_robot_navigation_ros2/src/td3'
[0.434s] INFO:colcon.colcon_core.shell:Skip shell extension 'powershell' for command environment: Not usable outside of PowerShell
[0.434s] DEBUG:colcon.colcon_core.shell:Skip shell extension 'dsv' for command environment
[0.445s] DEBUG:colcon.colcon_core.event_handler.log_command:Invoking command in '/home/kanishk/DRL_robot_navigation_ros2/build/velodyne_description': CMAKE_PREFIX_PATH=${CMAKE_PREFIX_PATH}:/home/kanishk/DRL_robot_navigation_ros2/install/autonomous_tb3 /usr/bin/cmake --build /home/kanishk/DRL_robot_navigation_ros2/build/velodyne_description -- -j12 -l12
[0.449s] DEBUG:colcon.colcon_core.event_handler.log_command:Invoking command in '/home/kanishk/DRL_robot_navigation_ros2/build/velodyne_gazebo_plugins': CMAKE_PREFIX_PATH=${CMAKE_PREFIX_PATH}:/home/kanishk/DRL_robot_navigation_ros2/install/autonomous_tb3 /usr/bin/cmake --build /home/kanishk/DRL_robot_navigation_ros2/build/velodyne_gazebo_plugins -- -j12 -l12
[0.452s] DEBUG:colcon.colcon_core.event_handler.log_command:Invoking command in '/home/kanishk/DRL_robot_navigation_ros2/build/td3': CMAKE_PREFIX_PATH=${CMAKE_PREFIX_PATH}:/home/kanishk/DRL_robot_navigation_ros2/install/autonomous_tb3 /usr/bin/cmake --build /home/kanishk/DRL_robot_navigation_ros2/build/td3 -- -j12 -l12
[0.483s] DEBUG:colcon.colcon_core.event_handler.log_command:Invoked command in '/home/kanishk/DRL_robot_navigation_ros2/build/velodyne_description' returned '0': CMAKE_PREFIX_PATH=${CMAKE_PREFIX_PATH}:/home/kanishk/DRL_robot_navigation_ros2/install/autonomous_tb3 /usr/bin/cmake --build /home/kanishk/DRL_robot_navigation_ros2/build/velodyne_description -- -j12 -l12
[0.489s] DEBUG:colcon.colcon_core.event_handler.log_command:Invoked command in '/home/kanishk/DRL_robot_navigation_ros2/build/td3' returned '0': CMAKE_PREFIX_PATH=${CMAKE_PREFIX_PATH}:/home/kanishk/DRL_robot_navigation_ros2/install/autonomous_tb3 /usr/bin/cmake --build /home/kanishk/DRL_robot_navigation_ros2/build/td3 -- -j12 -l12
[0.509s] DEBUG:colcon.colcon_core.event_handler.log_command:Invoking command in '/home/kanishk/DRL_robot_navigation_ros2/build/velodyne_description': CMAKE_PREFIX_PATH=${CMAKE_PREFIX_PATH}:/home/kanishk/DRL_robot_navigation_ros2/install/autonomous_tb3 /usr/bin/cmake --install /home/kanishk/DRL_robot_navigation_ros2/build/velodyne_description
[0.514s] DEBUG:colcon.colcon_core.event_handler.log_command:Invoking command in '/home/kanishk/DRL_robot_navigation_ros2/build/td3': CMAKE_PREFIX_PATH=${CMAKE_PREFIX_PATH}:/home/kanishk/DRL_robot_navigation_ros2/install/autonomous_tb3 /usr/bin/cmake --install /home/kanishk/DRL_robot_navigation_ros2/build/td3
[0.522s] Level 1:colcon.colcon_core.environment:create_environment_scripts_only(velodyne_description)
[0.531s] Level 1:colcon.colcon_core.environment:checking '/home/kanishk/DRL_robot_navigation_ros2/install/velodyne_description' for CMake module files
[0.532s] Level 1:colcon.colcon_core.environment:checking '/home/kanishk/DRL_robot_navigation_ros2/install/velodyne_description' for CMake config files
[0.535s] Level 1:colcon.colcon_core.shell:create_environment_hook('velodyne_description', 'cmake_prefix_path')
[0.535s] INFO:colcon.colcon_core.shell:Creating environment hook '/home/kanishk/DRL_robot_navigation_ros2/install/velodyne_description/share/velodyne_description/hook/cmake_prefix_path.ps1'
[0.536s] INFO:colcon.colcon_core.shell:Creating environment descriptor '/home/kanishk/DRL_robot_navigation_ros2/install/velodyne_description/share/velodyne_description/hook/cmake_prefix_path.dsv'
[0.537s] INFO:colcon.colcon_core.shell:Creating environment hook '/home/kanishk/DRL_robot_navigation_ros2/install/velodyne_description/share/velodyne_description/hook/cmake_prefix_path.sh'
[0.538s] Level 1:colcon.colcon_core.environment:checking '/home/kanishk/DRL_robot_navigation_ros2/install/velodyne_description/bin'
[0.538s] Level 1:colcon.colcon_core.environment:checking '/home/kanishk/DRL_robot_navigation_ros2/install/velodyne_description/lib/pkgconfig/velodyne_description.pc'
[0.539s] Level 1:colcon.colcon_core.environment:checking '/home/kanishk/DRL_robot_navigation_ros2/install/velodyne_description/lib/python3.8/site-packages'
[0.540s] Level 1:colcon.colcon_core.environment:checking '/home/kanishk/DRL_robot_navigation_ros2/install/velodyne_description/bin'
[0.540s] INFO:colcon.colcon_core.shell:Creating package script '/home/kanishk/DRL_robot_navigation_ros2/install/velodyne_description/share/velodyne_description/package.ps1'
[0.541s] INFO:colcon.colcon_core.shell:Creating package descriptor '/home/kanishk/DRL_robot_navigation_ros2/install/velodyne_description/share/velodyne_description/package.dsv'
[0.542s] INFO:colcon.colcon_core.shell:Creating package script '/home/kanishk/DRL_robot_navigation_ros2/install/velodyne_description/share/velodyne_description/package.sh'
[0.544s] INFO:colcon.colcon_core.shell:Creating package script '/home/kanishk/DRL_robot_navigation_ros2/install/velodyne_description/share/velodyne_description/package.bash'
[0.544s] DEBUG:colcon.colcon_core.event_handler.log_command:Invoked command in '/home/kanishk/DRL_robot_navigation_ros2/build/velodyne_description' returned '0': CMAKE_PREFIX_PATH=${CMAKE_PREFIX_PATH}:/home/kanishk/DRL_robot_navigation_ros2/install/autonomous_tb3 /usr/bin/cmake --install /home/kanishk/DRL_robot_navigation_ros2/build/velodyne_description
[0.545s] INFO:colcon.colcon_core.shell:Creating package script '/home/kanishk/DRL_robot_navigation_ros2/install/velodyne_description/share/velodyne_description/package.zsh'
[0.546s] Level 1:colcon.colcon_core.environment:create_file_with_runtime_dependencies(/home/kanishk/DRL_robot_navigation_ros2/install/velodyne_description/share/colcon-core/packages/velodyne_description)
[0.555s] DEBUG:colcon.colcon_core.event_handler.log_command:Invoked command in '/home/kanishk/DRL_robot_navigation_ros2/build/velodyne_gazebo_plugins' returned '0': CMAKE_PREFIX_PATH=${CMAKE_PREFIX_PATH}:/home/kanishk/DRL_robot_navigation_ros2/install/autonomous_tb3 /usr/bin/cmake --build /home/kanishk/DRL_robot_navigation_ros2/build/velodyne_gazebo_plugins -- -j12 -l12
[0.556s] Level 1:colcon.colcon_core.environment:create_environment_scripts_only(td3)
[0.556s] Level 1:colcon.colcon_core.environment:checking '/home/kanishk/DRL_robot_navigation_ros2/install/td3' for CMake module files
[0.557s] DEBUG:colcon.colcon_core.event_handler.log_command:Invoked command in '/home/kanishk/DRL_robot_navigation_ros2/build/td3' returned '0': CMAKE_PREFIX_PATH=${CMAKE_PREFIX_PATH}:/home/kanishk/DRL_robot_navigation_ros2/install/autonomous_tb3 /usr/bin/cmake --install /home/kanishk/DRL_robot_navigation_ros2/build/td3
[0.557s] Level 1:colcon.colcon_core.environment:checking '/home/kanishk/DRL_robot_navigation_ros2/install/td3' for CMake config files
[0.557s] Level 1:colcon.colcon_core.shell:create_environment_hook('td3', 'cmake_prefix_path')
[0.557s] INFO:colcon.colcon_core.shell:Creating environment hook '/home/kanishk/DRL_robot_navigation_ros2/install/td3/share/td3/hook/cmake_prefix_path.ps1'
[0.558s] INFO:colcon.colcon_core.shell:Creating environment descriptor '/home/kanishk/DRL_robot_navigation_ros2/install/td3/share/td3/hook/cmake_prefix_path.dsv'
[0.558s] INFO:colcon.colcon_core.shell:Creating environment hook '/home/kanishk/DRL_robot_navigation_ros2/install/td3/share/td3/hook/cmake_prefix_path.sh'
[0.559s] Level 1:colcon.colcon_core.environment:checking '/home/kanishk/DRL_robot_navigation_ros2/install/td3/lib'
[0.559s] Level 1:colcon.colcon_core.environment:checking '/home/kanishk/DRL_robot_navigation_ros2/install/td3/bin'
[0.559s] Level 1:colcon.colcon_core.environment:checking '/home/kanishk/DRL_robot_navigation_ros2/install/td3/lib/pkgconfig/td3.pc'
[0.559s] Level 1:colcon.colcon_core.environment:checking '/home/kanishk/DRL_robot_navigation_ros2/install/td3/lib/python3.8/site-packages'
[0.560s] Level 1:colcon.colcon_core.environment:checking '/home/kanishk/DRL_robot_navigation_ros2/install/td3/bin'
[0.560s] INFO:colcon.colcon_core.shell:Creating package script '/home/kanishk/DRL_robot_navigation_ros2/install/td3/share/td3/package.ps1'
[0.560s] INFO:colcon.colcon_core.shell:Creating package descriptor '/home/kanishk/DRL_robot_navigation_ros2/install/td3/share/td3/package.dsv'
[0.561s] INFO:colcon.colcon_core.shell:Creating package script '/home/kanishk/DRL_robot_navigation_ros2/install/td3/share/td3/package.sh'
[0.561s] INFO:colcon.colcon_core.shell:Creating package script '/home/kanishk/DRL_robot_navigation_ros2/install/td3/share/td3/package.bash'
[0.561s] INFO:colcon.colcon_core.shell:Creating package script '/home/kanishk/DRL_robot_navigation_ros2/install/td3/share/td3/package.zsh'
[0.562s] Level 1:colcon.colcon_core.environment:create_file_with_runtime_dependencies(/home/kanishk/DRL_robot_navigation_ros2/install/td3/share/colcon-core/packages/td3)
[0.566s] Level 1:colcon.colcon_core.environment:create_environment_scripts_only(velodyne_description)
[0.566s] Level 1:colcon.colcon_core.environment:checking '/home/kanishk/DRL_robot_navigation_ros2/install/velodyne_description' for CMake module files
[0.566s] Level 1:colcon.colcon_core.environment:checking '/home/kanishk/DRL_robot_navigation_ros2/install/velodyne_description' for CMake config files
[0.567s] Level 1:colcon.colcon_core.shell:create_environment_hook('velodyne_description', 'cmake_prefix_path')
[0.567s] INFO:colcon.colcon_core.shell:Creating environment hook '/home/kanishk/DRL_robot_navigation_ros2/install/velodyne_description/share/velodyne_description/hook/cmake_prefix_path.ps1'
[0.567s] INFO:colcon.colcon_core.shell:Creating environment descriptor '/home/kanishk/DRL_robot_navigation_ros2/install/velodyne_description/share/velodyne_description/hook/cmake_prefix_path.dsv'
[0.568s] INFO:colcon.colcon_core.shell:Creating environment hook '/home/kanishk/DRL_robot_navigation_ros2/install/velodyne_description/share/velodyne_description/hook/cmake_prefix_path.sh'
[0.568s] Level 1:colcon.colcon_core.environment:checking '/home/kanishk/DRL_robot_navigation_ros2/install/velodyne_description/bin'
[0.568s] Level 1:colcon.colcon_core.environment:checking '/home/kanishk/DRL_robot_navigation_ros2/install/velodyne_description/lib/pkgconfig/velodyne_description.pc'
[0.569s] Level 1:colcon.colcon_core.environment:checking '/home/kanishk/DRL_robot_navigation_ros2/install/velodyne_description/lib/python3.8/site-packages'
[0.569s] Level 1:colcon.colcon_core.environment:checking '/home/kanishk/DRL_robot_navigation_ros2/install/velodyne_description/bin'
[0.569s] INFO:colcon.colcon_core.shell:Creating package script '/home/kanishk/DRL_robot_navigation_ros2/install/velodyne_description/share/velodyne_description/package.ps1'
[0.570s] INFO:colcon.colcon_core.shell:Creating package descriptor '/home/kanishk/DRL_robot_navigation_ros2/install/velodyne_description/share/velodyne_description/package.dsv'
[0.570s] INFO:colcon.colcon_core.shell:Creating package script '/home/kanishk/DRL_robot_navigation_ros2/install/velodyne_description/share/velodyne_description/package.sh'
[0.571s] INFO:colcon.colcon_core.shell:Creating package script '/home/kanishk/DRL_robot_navigation_ros2/install/velodyne_description/share/velodyne_description/package.bash'
[0.571s] INFO:colcon.colcon_core.shell:Creating package script '/home/kanishk/DRL_robot_navigation_ros2/install/velodyne_description/share/velodyne_description/package.zsh'
[0.571s] Level 1:colcon.colcon_core.environment:create_file_with_runtime_dependencies(/home/kanishk/DRL_robot_navigation_ros2/install/velodyne_description/share/colcon-core/packages/velodyne_description)
[0.575s] DEBUG:colcon.colcon_core.event_handler.log_command:Invoking command in '/home/kanishk/DRL_robot_navigation_ros2/build/velodyne_gazebo_plugins': CMAKE_PREFIX_PATH=${CMAKE_PREFIX_PATH}:/home/kanishk/DRL_robot_navigation_ros2/install/autonomous_tb3 /usr/bin/cmake --install /home/kanishk/DRL_robot_navigation_ros2/build/velodyne_gazebo_plugins
[0.578s] Level 1:colcon.colcon_core.environment:create_environment_scripts_only(td3)
[0.579s] Level 1:colcon.colcon_core.environment:checking '/home/kanishk/DRL_robot_navigation_ros2/install/td3' for CMake module files
[0.579s] Level 1:colcon.colcon_core.environment:checking '/home/kanishk/DRL_robot_navigation_ros2/install/td3' for CMake config files
[0.579s] Level 1:colcon.colcon_core.shell:create_environment_hook('td3', 'cmake_prefix_path')
[0.580s] INFO:colcon.colcon_core.shell:Creating environment hook '/home/kanishk/DRL_robot_navigation_ros2/install/td3/share/td3/hook/cmake_prefix_path.ps1'
[0.580s] INFO:colcon.colcon_core.shell:Creating environment descriptor '/home/kanishk/DRL_robot_navigation_ros2/install/td3/share/td3/hook/cmake_prefix_path.dsv'
[0.580s] INFO:colcon.colcon_core.shell:Creating environment hook '/home/kanishk/DRL_robot_navigation_ros2/install/td3/share/td3/hook/cmake_prefix_path.sh'
[0.581s] Level 1:colcon.colcon_core.environment:checking '/home/kanishk/DRL_robot_navigation_ros2/install/td3/lib'
[0.581s] Level 1:colcon.colcon_core.environment:checking '/home/kanishk/DRL_robot_navigation_ros2/install/td3/bin'
[0.581s] Level 1:colcon.colcon_core.environment:checking '/home/kanishk/DRL_robot_navigation_ros2/install/td3/lib/pkgconfig/td3.pc'
[0.582s] Level 1:colcon.colcon_core.environment:checking '/home/kanishk/DRL_robot_navigation_ros2/install/td3/lib/python3.8/site-packages'
[0.582s] Level 1:colcon.colcon_core.environment:checking '/home/kanishk/DRL_robot_navigation_ros2/install/td3/bin'
[0.582s] INFO:colcon.colcon_core.shell:Creating package script '/home/kanishk/DRL_robot_navigation_ros2/install/td3/share/td3/package.ps1'
[0.583s] INFO:colcon.colcon_core.shell:Creating package descriptor '/home/kanishk/DRL_robot_navigation_ros2/install/td3/share/td3/package.dsv'
[0.585s] INFO:colcon.colcon_core.shell:Creating package script '/home/kanishk/DRL_robot_navigation_ros2/install/td3/share/td3/package.sh'
[0.586s] INFO:colcon.colcon_core.shell:Creating package script '/home/kanishk/DRL_robot_navigation_ros2/install/td3/share/td3/package.bash'
[0.586s] INFO:colcon.colcon_core.shell:Creating package script '/home/kanishk/DRL_robot_navigation_ros2/install/td3/share/td3/package.zsh'
[0.586s] Level 1:colcon.colcon_core.environment:create_file_with_runtime_dependencies(/home/kanishk/DRL_robot_navigation_ros2/install/td3/share/colcon-core/packages/td3)
[0.587s] Level 1:colcon.colcon_core.environment:create_environment_scripts_only(velodyne_gazebo_plugins)
[0.588s] Level 1:colcon.colcon_core.environment:checking '/home/kanishk/DRL_robot_navigation_ros2/install/velodyne_gazebo_plugins' for CMake module files
[0.588s] DEBUG:colcon.colcon_core.event_handler.log_command:Invoked command in '/home/kanishk/DRL_robot_navigation_ros2/build/velodyne_gazebo_plugins' returned '0': CMAKE_PREFIX_PATH=${CMAKE_PREFIX_PATH}:/home/kanishk/DRL_robot_navigation_ros2/install/autonomous_tb3 /usr/bin/cmake --install /home/kanishk/DRL_robot_navigation_ros2/build/velodyne_gazebo_plugins
[0.588s] Level 1:colcon.colcon_core.environment:checking '/home/kanishk/DRL_robot_navigation_ros2/install/velodyne_gazebo_plugins' for CMake config files
[0.588s] Level 1:colcon.colcon_core.shell:create_environment_hook('velodyne_gazebo_plugins', 'cmake_prefix_path')
[0.589s] INFO:colcon.colcon_core.shell:Creating environment hook '/home/kanishk/DRL_robot_navigation_ros2/install/velodyne_gazebo_plugins/share/velodyne_gazebo_plugins/hook/cmake_prefix_path.ps1'
[0.589s] INFO:colcon.colcon_core.shell:Creating environment descriptor '/home/kanishk/DRL_robot_navigation_ros2/install/velodyne_gazebo_plugins/share/velodyne_gazebo_plugins/hook/cmake_prefix_path.dsv'
[0.589s] INFO:colcon.colcon_core.shell:Creating environment hook '/home/kanishk/DRL_robot_navigation_ros2/install/velodyne_gazebo_plugins/share/velodyne_gazebo_plugins/hook/cmake_prefix_path.sh'
[0.590s] Level 1:colcon.colcon_core.environment:checking '/home/kanishk/DRL_robot_navigation_ros2/install/velodyne_gazebo_plugins/lib'
[0.590s] Level 1:colcon.colcon_core.shell:create_environment_hook('velodyne_gazebo_plugins', 'ld_library_path_lib')
[0.590s] INFO:colcon.colcon_core.shell:Creating environment hook '/home/kanishk/DRL_robot_navigation_ros2/install/velodyne_gazebo_plugins/share/velodyne_gazebo_plugins/hook/ld_library_path_lib.ps1'
[0.590s] INFO:colcon.colcon_core.shell:Creating environment descriptor '/home/kanishk/DRL_robot_navigation_ros2/install/velodyne_gazebo_plugins/share/velodyne_gazebo_plugins/hook/ld_library_path_lib.dsv'
[0.591s] INFO:colcon.colcon_core.shell:Creating environment hook '/home/kanishk/DRL_robot_navigation_ros2/install/velodyne_gazebo_plugins/share/velodyne_gazebo_plugins/hook/ld_library_path_lib.sh'
[0.591s] Level 1:colcon.colcon_core.environment:checking '/home/kanishk/DRL_robot_navigation_ros2/install/velodyne_gazebo_plugins/bin'
[0.591s] Level 1:colcon.colcon_core.environment:checking '/home/kanishk/DRL_robot_navigation_ros2/install/velodyne_gazebo_plugins/lib/pkgconfig/velodyne_gazebo_plugins.pc'
[0.591s] Level 1:colcon.colcon_core.environment:checking '/home/kanishk/DRL_robot_navigation_ros2/install/velodyne_gazebo_plugins/lib/python3.8/site-packages'
[0.591s] Level 1:colcon.colcon_core.environment:checking '/home/kanishk/DRL_robot_navigation_ros2/install/velodyne_gazebo_plugins/bin'
[0.592s] INFO:colcon.colcon_core.shell:Creating package script '/home/kanishk/DRL_robot_navigation_ros2/install/velodyne_gazebo_plugins/share/velodyne_gazebo_plugins/package.ps1'
[0.592s] INFO:colcon.colcon_core.shell:Creating package descriptor '/home/kanishk/DRL_robot_navigation_ros2/install/velodyne_gazebo_plugins/share/velodyne_gazebo_plugins/package.dsv'
[0.593s] INFO:colcon.colcon_core.shell:Creating package script '/home/kanishk/DRL_robot_navigation_ros2/install/velodyne_gazebo_plugins/share/velodyne_gazebo_plugins/package.sh'
[0.593s] INFO:colcon.colcon_core.shell:Creating package script '/home/kanishk/DRL_robot_navigation_ros2/install/velodyne_gazebo_plugins/share/velodyne_gazebo_plugins/package.bash'
[0.593s] INFO:colcon.colcon_core.shell:Creating package script '/home/kanishk/DRL_robot_navigation_ros2/install/velodyne_gazebo_plugins/share/velodyne_gazebo_plugins/package.zsh'
[0.594s] Level 1:colcon.colcon_core.environment:create_file_with_runtime_dependencies(/home/kanishk/DRL_robot_navigation_ros2/install/velodyne_gazebo_plugins/share/colcon-core/packages/velodyne_gazebo_plugins)
[0.612s] Level 1:colcon.colcon_core.environment:create_environment_scripts_only(velodyne_gazebo_plugins)
[0.612s] Level 1:colcon.colcon_core.environment:checking '/home/kanishk/DRL_robot_navigation_ros2/install/velodyne_gazebo_plugins' for CMake module files
[0.612s] Level 1:colcon.colcon_core.environment:checking '/home/kanishk/DRL_robot_navigation_ros2/install/velodyne_gazebo_plugins' for CMake config files
[0.613s] Level 1:colcon.colcon_core.shell:create_environment_hook('velodyne_gazebo_plugins', 'cmake_prefix_path')
[0.613s] INFO:colcon.colcon_core.shell:Creating environment hook '/home/kanishk/DRL_robot_navigation_ros2/install/velodyne_gazebo_plugins/share/velodyne_gazebo_plugins/hook/cmake_prefix_path.ps1'
[0.613s] INFO:colcon.colcon_core.shell:Creating environment descriptor '/home/kanishk/DRL_robot_navigation_ros2/install/velodyne_gazebo_plugins/share/velodyne_gazebo_plugins/hook/cmake_prefix_path.dsv'
[0.614s] INFO:colcon.colcon_core.shell:Creating environment hook '/home/kanishk/DRL_robot_navigation_ros2/install/velodyne_gazebo_plugins/share/velodyne_gazebo_plugins/hook/cmake_prefix_path.sh'
[0.614s] Level 1:colcon.colcon_core.environment:checking '/home/kanishk/DRL_robot_navigation_ros2/install/velodyne_gazebo_plugins/lib'
[0.614s] Level 1:colcon.colcon_core.shell:create_environment_hook('velodyne_gazebo_plugins', 'ld_library_path_lib')
[0.615s] INFO:colcon.colcon_core.shell:Creating environment hook '/home/kanishk/DRL_robot_navigation_ros2/install/velodyne_gazebo_plugins/share/velodyne_gazebo_plugins/hook/ld_library_path_lib.ps1'
[0.615s] INFO:colcon.colcon_core.shell:Creating environment descriptor '/home/kanishk/DRL_robot_navigation_ros2/install/velodyne_gazebo_plugins/share/velodyne_gazebo_plugins/hook/ld_library_path_lib.dsv'
[0.615s] INFO:colcon.colcon_core.shell:Creating environment hook '/home/kanishk/DRL_robot_navigation_ros2/install/velodyne_gazebo_plugins/share/velodyne_gazebo_plugins/hook/ld_library_path_lib.sh'
[0.616s] Level 1:colcon.colcon_core.environment:checking '/home/kanishk/DRL_robot_navigation_ros2/install/velodyne_gazebo_plugins/bin'
[0.616s] Level 1:colcon.colcon_core.environment:checking '/home/kanishk/DRL_robot_navigation_ros2/install/velodyne_gazebo_plugins/lib/pkgconfig/velodyne_gazebo_plugins.pc'
[0.616s] Level 1:colcon.colcon_core.environment:checking '/home/kanishk/DRL_robot_navigation_ros2/install/velodyne_gazebo_plugins/lib/python3.8/site-packages'
[0.616s] Level 1:colcon.colcon_core.environment:checking '/home/kanishk/DRL_robot_navigation_ros2/install/velodyne_gazebo_plugins/bin'
[0.617s] INFO:colcon.colcon_core.shell:Creating package script '/home/kanishk/DRL_robot_navigation_ros2/install/velodyne_gazebo_plugins/share/velodyne_gazebo_plugins/package.ps1'
[0.617s] INFO:colcon.colcon_core.shell:Creating package descriptor '/home/kanishk/DRL_robot_navigation_ros2/install/velodyne_gazebo_plugins/share/velodyne_gazebo_plugins/package.dsv'
[0.618s] INFO:colcon.colcon_core.shell:Creating package script '/home/kanishk/DRL_robot_navigation_ros2/install/velodyne_gazebo_plugins/share/velodyne_gazebo_plugins/package.sh'
[0.618s] INFO:colcon.colcon_core.shell:Creating package script '/home/kanishk/DRL_robot_navigation_ros2/install/velodyne_gazebo_plugins/share/velodyne_gazebo_plugins/package.bash'
[0.618s] INFO:colcon.colcon_core.shell:Creating package script '/home/kanishk/DRL_robot_navigation_ros2/install/velodyne_gazebo_plugins/share/velodyne_gazebo_plugins/package.zsh'
[0.619s] Level 1:colcon.colcon_core.environment:create_file_with_runtime_dependencies(/home/kanishk/DRL_robot_navigation_ros2/install/velodyne_gazebo_plugins/share/colcon-core/packages/velodyne_gazebo_plugins)
[0.619s] INFO:colcon.colcon_ros.task.ament_cmake.build:Building ROS package in '/home/kanishk/DRL_robot_navigation_ros2/src/velodyne_simulator/velodyne_simulator' with build type 'ament_cmake'
[0.619s] INFO:colcon.colcon_cmake.task.cmake.build:Building CMake package in '/home/kanishk/DRL_robot_navigation_ros2/src/velodyne_simulator/velodyne_simulator'
[0.620s] INFO:colcon.colcon_core.shell:Skip shell extension 'powershell' for command environment: Not usable outside of PowerShell
[0.620s] DEBUG:colcon.colcon_core.shell:Skip shell extension 'dsv' for command environment
[0.629s] DEBUG:colcon.colcon_core.event_handler.log_command:Invoking command in '/home/kanishk/DRL_robot_navigation_ros2/build/velodyne_simulator': CMAKE_PREFIX_PATH=/home/kanishk/DRL_robot_navigation_ros2/install/velodyne_gazebo_plugins:/home/kanishk/DRL_robot_navigation_ros2/install/velodyne_description:/home/kanishk/DRL_robot_navigation_ros2/install/velodyne_simulator:/home/kanishk/DRL_robot_navigation_ros2/install/td3:/home/kanishk/DRL_robot_navigation_ros2/install/autonomous_tb3 /usr/bin/cmake --build /home/kanishk/DRL_robot_navigation_ros2/build/velodyne_simulator -- -j12 -l12
[0.662s] DEBUG:colcon.colcon_core.event_handler.log_command:Invoked command in '/home/kanishk/DRL_robot_navigation_ros2/build/velodyne_simulator' returned '0': CMAKE_PREFIX_PATH=/home/kanishk/DRL_robot_navigation_ros2/install/velodyne_gazebo_plugins:/home/kanishk/DRL_robot_navigation_ros2/install/velodyne_description:/home/kanishk/DRL_robot_navigation_ros2/install/velodyne_simulator:/home/kanishk/DRL_robot_navigation_ros2/install/td3:/home/kanishk/DRL_robot_navigation_ros2/install/autonomous_tb3 /usr/bin/cmake --build /home/kanishk/DRL_robot_navigation_ros2/build/velodyne_simulator -- -j12 -l12
[0.684s] DEBUG:colcon.colcon_core.event_handler.log_command:Invoking command in '/home/kanishk/DRL_robot_navigation_ros2/build/velodyne_simulator': CMAKE_PREFIX_PATH=/home/kanishk/DRL_robot_navigation_ros2/install/velodyne_gazebo_plugins:/home/kanishk/DRL_robot_navigation_ros2/install/velodyne_description:/home/kanishk/DRL_robot_navigation_ros2/install/velodyne_simulator:/home/kanishk/DRL_robot_navigation_ros2/install/td3:/home/kanishk/DRL_robot_navigation_ros2/install/autonomous_tb3 /usr/bin/cmake --install /home/kanishk/DRL_robot_navigation_ros2/build/velodyne_simulator
[0.695s] Level 1:colcon.colcon_core.environment:create_environment_scripts_only(velodyne_simulator)
[0.696s] Level 1:colcon.colcon_core.environment:checking '/home/kanishk/DRL_robot_navigation_ros2/install/velodyne_simulator' for CMake module files
[0.696s] DEBUG:colcon.colcon_core.event_handler.log_command:Invoked command in '/home/kanishk/DRL_robot_navigation_ros2/build/velodyne_simulator' returned '0': CMAKE_PREFIX_PATH=/home/kanishk/DRL_robot_navigation_ros2/install/velodyne_gazebo_plugins:/home/kanishk/DRL_robot_navigation_ros2/install/velodyne_description:/home/kanishk/DRL_robot_navigation_ros2/install/velodyne_simulator:/home/kanishk/DRL_robot_navigation_ros2/install/td3:/home/kanishk/DRL_robot_navigation_ros2/install/autonomous_tb3 /usr/bin/cmake --install /home/kanishk/DRL_robot_navigation_ros2/build/velodyne_simulator
[0.697s] Level 1:colcon.colcon_core.environment:checking '/home/kanishk/DRL_robot_navigation_ros2/install/velodyne_simulator' for CMake config files
[0.697s] Level 1:colcon.colcon_core.shell:create_environment_hook('velodyne_simulator', 'cmake_prefix_path')
[0.697s] INFO:colcon.colcon_core.shell:Creating environment hook '/home/kanishk/DRL_robot_navigation_ros2/install/velodyne_simulator/share/velodyne_simulator/hook/cmake_prefix_path.ps1'
[0.698s] INFO:colcon.colcon_core.shell:Creating environment descriptor '/home/kanishk/DRL_robot_navigation_ros2/install/velodyne_simulator/share/velodyne_simulator/hook/cmake_prefix_path.dsv'
[0.698s] INFO:colcon.colcon_core.shell:Creating environment hook '/home/kanishk/DRL_robot_navigation_ros2/install/velodyne_simulator/share/velodyne_simulator/hook/cmake_prefix_path.sh'
[0.699s] Level 1:colcon.colcon_core.environment:checking '/home/kanishk/DRL_robot_navigation_ros2/install/velodyne_simulator/bin'
[0.699s] Level 1:colcon.colcon_core.environment:checking '/home/kanishk/DRL_robot_navigation_ros2/install/velodyne_simulator/lib/pkgconfig/velodyne_simulator.pc'
[0.700s] Level 1:colcon.colcon_core.environment:checking '/home/kanishk/DRL_robot_navigation_ros2/install/velodyne_simulator/lib/python3.8/site-packages'
[0.700s] Level 1:colcon.colcon_core.environment:checking '/home/kanishk/DRL_robot_navigation_ros2/install/velodyne_simulator/bin'
[0.700s] INFO:colcon.colcon_core.shell:Creating package script '/home/kanishk/DRL_robot_navigation_ros2/install/velodyne_simulator/share/velodyne_simulator/package.ps1'
[0.701s] INFO:colcon.colcon_core.shell:Creating package descriptor '/home/kanishk/DRL_robot_navigation_ros2/install/velodyne_simulator/share/velodyne_simulator/package.dsv'
[0.701s] INFO:colcon.colcon_core.shell:Creating package script '/home/kanishk/DRL_robot_navigation_ros2/install/velodyne_simulator/share/velodyne_simulator/package.sh'
[0.702s] INFO:colcon.colcon_core.shell:Creating package script '/home/kanishk/DRL_robot_navigation_ros2/install/velodyne_simulator/share/velodyne_simulator/package.bash'
[0.703s] INFO:colcon.colcon_core.shell:Creating package script '/home/kanishk/DRL_robot_navigation_ros2/install/velodyne_simulator/share/velodyne_simulator/package.zsh'
[0.703s] Level 1:colcon.colcon_core.environment:create_file_with_runtime_dependencies(/home/kanishk/DRL_robot_navigation_ros2/install/velodyne_simulator/share/colcon-core/packages/velodyne_simulator)
[0.725s] Level 1:colcon.colcon_core.environment:create_environment_scripts_only(velodyne_simulator)
[0.726s] Level 1:colcon.colcon_core.environment:checking '/home/kanishk/DRL_robot_navigation_ros2/install/velodyne_simulator' for CMake module files
[0.726s] Level 1:colcon.colcon_core.environment:checking '/home/kanishk/DRL_robot_navigation_ros2/install/velodyne_simulator' for CMake config files
[0.727s] Level 1:colcon.colcon_core.shell:create_environment_hook('velodyne_simulator', 'cmake_prefix_path')
[0.727s] INFO:colcon.colcon_core.shell:Creating environment hook '/home/kanishk/DRL_robot_navigation_ros2/install/velodyne_simulator/share/velodyne_simulator/hook/cmake_prefix_path.ps1'
[0.728s] INFO:colcon.colcon_core.shell:Creating environment descriptor '/home/kanishk/DRL_robot_navigation_ros2/install/velodyne_simulator/share/velodyne_simulator/hook/cmake_prefix_path.dsv'
[0.728s] INFO:colcon.colcon_core.shell:Creating environment hook '/home/kanishk/DRL_robot_navigation_ros2/install/velodyne_simulator/share/velodyne_simulator/hook/cmake_prefix_path.sh'
[0.729s] Level 1:colcon.colcon_core.environment:checking '/home/kanishk/DRL_robot_navigation_ros2/install/velodyne_simulator/bin'
[0.729s] Level 1:colcon.colcon_core.environment:checking '/home/kanishk/DRL_robot_navigation_ros2/install/velodyne_simulator/lib/pkgconfig/velodyne_simulator.pc'
[0.730s] Level 1:colcon.colcon_core.environment:checking '/home/kanishk/DRL_robot_navigation_ros2/install/velodyne_simulator/lib/python3.8/site-packages'
[0.730s] Level 1:colcon.colcon_core.environment:checking '/home/kanishk/DRL_robot_navigation_ros2/install/velodyne_simulator/bin'
[0.731s] INFO:colcon.colcon_core.shell:Creating package script '/home/kanishk/DRL_robot_navigation_ros2/install/velodyne_simulator/share/velodyne_simulator/package.ps1'
[0.731s] INFO:colcon.colcon_core.shell:Creating package descriptor '/home/kanishk/DRL_robot_navigation_ros2/install/velodyne_simulator/share/velodyne_simulator/package.dsv'
[0.732s] INFO:colcon.colcon_core.shell:Creating package script '/home/kanishk/DRL_robot_navigation_ros2/install/velodyne_simulator/share/velodyne_simulator/package.sh'
[0.733s] INFO:colcon.colcon_core.shell:Creating package script '/home/kanishk/DRL_robot_navigation_ros2/install/velodyne_simulator/share/velodyne_simulator/package.bash'
[0.734s] INFO:colcon.colcon_core.shell:Creating package script '/home/kanishk/DRL_robot_navigation_ros2/install/velodyne_simulator/share/velodyne_simulator/package.zsh'
[0.735s] Level 1:colcon.colcon_core.environment:create_file_with_runtime_dependencies(/home/kanishk/DRL_robot_navigation_ros2/install/velodyne_simulator/share/colcon-core/packages/velodyne_simulator)
[0.735s] DEBUG:colcon.colcon_parallel_executor.executor.parallel:closing loop
[0.736s] DEBUG:colcon.colcon_parallel_executor.executor.parallel:loop closed
[0.736s] DEBUG:colcon.colcon_parallel_executor.executor.parallel:run_until_complete finished with '0'
[0.736s] DEBUG:colcon.colcon_core.event_reactor:joining thread
[0.743s] INFO:colcon.colcon_core.plugin_system:Skipping extension 'colcon_notification.desktop_notification.terminal_notifier': Not used on non-Darwin systems
[0.743s] INFO:colcon.colcon_core.plugin_system:Skipping extension 'colcon_notification.desktop_notification.win32': Not used on non-Windows systems
[0.743s] INFO:colcon.colcon_notification.desktop_notification:Sending desktop notification using 'notify2'
[0.766s] DEBUG:colcon.colcon_core.event_reactor:joined thread
[0.766s] INFO:colcon.colcon_core.shell:Creating prefix script '/home/kanishk/DRL_robot_navigation_ros2/install/local_setup.ps1'
[0.769s] INFO:colcon.colcon_core.shell:Creating prefix util module '/home/kanishk/DRL_robot_navigation_ros2/install/_local_setup_util_ps1.py'
[0.772s] INFO:colcon.colcon_core.shell:Creating prefix chain script '/home/kanishk/DRL_robot_navigation_ros2/install/setup.ps1'
[0.774s] INFO:colcon.colcon_core.shell:Creating prefix script '/home/kanishk/DRL_robot_navigation_ros2/install/local_setup.sh'
[0.775s] INFO:colcon.colcon_core.shell:Creating prefix util module '/home/kanishk/DRL_robot_navigation_ros2/install/_local_setup_util_sh.py'
[0.776s] INFO:colcon.colcon_core.shell:Creating prefix chain script '/home/kanishk/DRL_robot_navigation_ros2/install/setup.sh'
[0.778s] INFO:colcon.colcon_core.shell:Creating prefix script '/home/kanishk/DRL_robot_navigation_ros2/install/local_setup.bash'
[0.779s] INFO:colcon.colcon_core.shell:Creating prefix chain script '/home/kanishk/DRL_robot_navigation_ros2/install/setup.bash'
[0.781s] INFO:colcon.colcon_core.shell:Creating prefix script '/home/kanishk/DRL_robot_navigation_ros2/install/local_setup.zsh'
[0.782s] INFO:colcon.colcon_core.shell:Creating prefix chain script '/home/kanishk/DRL_robot_navigation_ros2/install/setup.zsh'
