[0.008s] Invoking command in '/home/kanishk/DRL_robot_navigation_ros2/build/velodyne_simulator': AMENT_PREFIX_PATH=/home/kanishk/DRL_robot_navigation_ros2/install/velodyne_gazebo_plugins:/home/kanishk/DRL_robot_navigation_ros2/install/velodyne_description CMAKE_PREFIX_PATH=/home/kanishk/DRL_robot_navigation_ros2/install/velodyne_gazebo_plugins:/home/kanishk/DRL_robot_navigation_ros2/install/velodyne_description LD_LIBRARY_PATH=/home/kanishk/DRL_robot_navigation_ros2/install/velodyne_gazebo_plugins/lib /usr/bin/cmake --build /home/kanishk/DRL_robot_navigation_ros2/build/velodyne_simulator -- -j12 -l12
[0.042s] Invoked command in '/home/kanishk/DRL_robot_navigation_ros2/build/velodyne_simulator' returned '0': AMENT_PREFIX_PATH=/home/kanishk/DRL_robot_navigation_ros2/install/velodyne_gazebo_plugins:/home/kanishk/DRL_robot_navigation_ros2/install/velodyne_description CMAKE_PREFIX_PATH=/home/kanishk/DRL_robot_navigation_ros2/install/velodyne_gazebo_plugins:/home/kanishk/DRL_robot_navigation_ros2/install/velodyne_description LD_LIBRARY_PATH=/home/kanishk/DRL_robot_navigation_ros2/install/velodyne_gazebo_plugins/lib /usr/bin/cmake --build /home/kanishk/DRL_robot_navigation_ros2/build/velodyne_simulator -- -j12 -l12
[0.060s] Invoking command in '/home/kanishk/DRL_robot_navigation_ros2/build/velodyne_simulator': AMENT_PREFIX_PATH=/home/kanishk/DRL_robot_navigation_ros2/install/velodyne_gazebo_plugins:/home/kanishk/DRL_robot_navigation_ros2/install/velodyne_description CMAKE_PREFIX_PATH=/home/kanishk/DRL_robot_navigation_ros2/install/velodyne_gazebo_plugins:/home/kanishk/DRL_robot_navigation_ros2/install/velodyne_description LD_LIBRARY_PATH=/home/kanishk/DRL_robot_navigation_ros2/install/velodyne_gazebo_plugins/lib /usr/bin/cmake --install /home/kanishk/DRL_robot_navigation_ros2/build/velodyne_simulator
[0.067s] -- Install configuration: ""
[0.067s] -- Up-to-date: /home/kanishk/DRL_robot_navigation_ros2/install/velodyne_simulator/share/ament_index/resource_index/package_run_dependencies/velodyne_simulator
[0.067s] -- Up-to-date: /home/kanishk/DRL_robot_navigation_ros2/install/velodyne_simulator/share/ament_index/resource_index/parent_prefix_path/velodyne_simulator
[0.067s] -- Up-to-date: /home/kanishk/DRL_robot_navigation_ros2/install/velodyne_simulator/share/velodyne_simulator/environment/ament_prefix_path.sh
[0.068s] -- Up-to-date: /home/kanishk/DRL_robot_navigation_ros2/install/velodyne_simulator/share/velodyne_simulator/environment/ament_prefix_path.dsv
[0.068s] -- Up-to-date: /home/kanishk/DRL_robot_navigation_ros2/install/velodyne_simulator/share/velodyne_simulator/environment/path.sh
[0.068s] -- Up-to-date: /home/kanishk/DRL_robot_navigation_ros2/install/velodyne_simulator/share/velodyne_simulator/environment/path.dsv
[0.068s] -- Up-to-date: /home/kanishk/DRL_robot_navigation_ros2/install/velodyne_simulator/share/velodyne_simulator/local_setup.bash
[0.068s] -- Up-to-date: /home/kanishk/DRL_robot_navigation_ros2/install/velodyne_simulator/share/velodyne_simulator/local_setup.sh
[0.068s] -- Up-to-date: /home/kanishk/DRL_robot_navigation_ros2/install/velodyne_simulator/share/velodyne_simulator/local_setup.zsh
[0.068s] -- Up-to-date: /home/kanishk/DRL_robot_navigation_ros2/install/velodyne_simulator/share/velodyne_simulator/local_setup.dsv
[0.068s] -- Up-to-date: /home/kanishk/DRL_robot_navigation_ros2/install/velodyne_simulator/share/velodyne_simulator/package.dsv
[0.068s] -- Up-to-date: /home/kanishk/DRL_robot_navigation_ros2/install/velodyne_simulator/share/ament_index/resource_index/packages/velodyne_simulator
[0.068s] -- Up-to-date: /home/kanishk/DRL_robot_navigation_ros2/install/velodyne_simulator/share/velodyne_simulator/cmake/velodyne_simulatorConfig.cmake
[0.068s] -- Up-to-date: /home/kanishk/DRL_robot_navigation_ros2/install/velodyne_simulator/share/velodyne_simulator/cmake/velodyne_simulatorConfig-version.cmake
[0.068s] -- Up-to-date: /home/kanishk/DRL_robot_navigation_ros2/install/velodyne_simulator/share/velodyne_simulator/package.xml
[0.070s] Invoked command in '/home/kanishk/DRL_robot_navigation_ros2/build/velodyne_simulator' returned '0': AMENT_PREFIX_PATH=/home/kanishk/DRL_robot_navigation_ros2/install/velodyne_gazebo_plugins:/home/kanishk/DRL_robot_navigation_ros2/install/velodyne_description CMAKE_PREFIX_PATH=/home/kanishk/DRL_robot_navigation_ros2/install/velodyne_gazebo_plugins:/home/kanishk/DRL_robot_navigation_ros2/install/velodyne_description LD_LIBRARY_PATH=/home/kanishk/DRL_robot_navigation_ros2/install/velodyne_gazebo_plugins/lib /usr/bin/cmake --install /home/kanishk/DRL_robot_navigation_ros2/build/velodyne_simulator
