[0.009s] Invoking command in '/home/kanishk/DRL_robot_navigation_ros2/build/velodyne_simulator': AMENT_PREFIX_PATH=/home/kanishk/DRL_robot_navigation_ros2/install/velodyne_gazebo_plugins:/home/kanishk/DRL_robot_navigation_ros2/install/velodyne_description:${AMENT_PREFIX_PATH} CMAKE_PREFIX_PATH=/home/kanishk/DRL_robot_navigation_ros2/install/velodyne_gazebo_plugins:/home/kanishk/DRL_robot_navigation_ros2/install/velodyne_description:/opt/ros/foxy LD_LIBRARY_PATH=/home/kanishk/DRL_robot_navigation_ros2/install/velodyne_gazebo_plugins/lib:${LD_LIBRARY_PATH} /usr/bin/cmake /home/kanishk/DRL_robot_navigation_ros2/src/velodyne_simulator/velodyne_simulator -DCMAKE_INSTALL_PREFIX=/home/kanishk/DRL_robot_navigation_ros2/install/velodyne_simulator
[0.053s] -- The C compiler identification is GNU 9.4.0
[0.102s] -- The CXX compiler identification is GNU 9.4.0
[0.106s] -- Check for working C compiler: /usr/bin/cc
[0.171s] -- Check for working C compiler: /usr/bin/cc -- works
[0.172s] -- Detecting C compiler ABI info
[0.262s] -- Detecting C compiler ABI info - done
[0.278s] -- Detecting C compile features
[0.279s] -- Detecting C compile features - done
[0.281s] -- Check for working CXX compiler: /usr/bin/c++
[0.346s] -- Check for working CXX compiler: /usr/bin/c++ -- works
[0.347s] -- Detecting CXX compiler ABI info
[0.415s] -- Detecting CXX compiler ABI info - done
[0.427s] -- Detecting CXX compile features
[0.428s] -- Detecting CXX compile features - done
[0.429s] -- Found ament_cmake: 0.9.12 (/opt/ros/foxy/share/ament_cmake/cmake)
[0.450s] -- Found PythonInterp: /usr/bin/python3 (found suitable version "3.8.10", minimum required is "3") 
[0.450s] -- Using PYTHON_EXECUTABLE: /usr/bin/python3
[0.642s] -- Found ament_lint_auto: 0.9.8 (/opt/ros/foxy/share/ament_lint_auto/cmake)
[0.693s] -- Configuring done
[0.695s] -- Generating done
[0.695s] -- Build files have been written to: /home/kanishk/DRL_robot_navigation_ros2/build/velodyne_simulator
[0.699s] Invoked command in '/home/kanishk/DRL_robot_navigation_ros2/build/velodyne_simulator' returned '0': AMENT_PREFIX_PATH=/home/kanishk/DRL_robot_navigation_ros2/install/velodyne_gazebo_plugins:/home/kanishk/DRL_robot_navigation_ros2/install/velodyne_description:${AMENT_PREFIX_PATH} CMAKE_PREFIX_PATH=/home/kanishk/DRL_robot_navigation_ros2/install/velodyne_gazebo_plugins:/home/kanishk/DRL_robot_navigation_ros2/install/velodyne_description:/opt/ros/foxy LD_LIBRARY_PATH=/home/kanishk/DRL_robot_navigation_ros2/install/velodyne_gazebo_plugins/lib:${LD_LIBRARY_PATH} /usr/bin/cmake /home/kanishk/DRL_robot_navigation_ros2/src/velodyne_simulator/velodyne_simulator -DCMAKE_INSTALL_PREFIX=/home/kanishk/DRL_robot_navigation_ros2/install/velodyne_simulator
[0.701s] Invoking command in '/home/kanishk/DRL_robot_navigation_ros2/build/velodyne_simulator': AMENT_PREFIX_PATH=/home/kanishk/DRL_robot_navigation_ros2/install/velodyne_gazebo_plugins:/home/kanishk/DRL_robot_navigation_ros2/install/velodyne_description:${AMENT_PREFIX_PATH} CMAKE_PREFIX_PATH=/home/kanishk/DRL_robot_navigation_ros2/install/velodyne_gazebo_plugins:/home/kanishk/DRL_robot_navigation_ros2/install/velodyne_description:/opt/ros/foxy LD_LIBRARY_PATH=/home/kanishk/DRL_robot_navigation_ros2/install/velodyne_gazebo_plugins/lib:${LD_LIBRARY_PATH} /usr/bin/cmake --build /home/kanishk/DRL_robot_navigation_ros2/build/velodyne_simulator -- -j12 -l12
[0.734s] Invoked command in '/home/kanishk/DRL_robot_navigation_ros2/build/velodyne_simulator' returned '0': AMENT_PREFIX_PATH=/home/kanishk/DRL_robot_navigation_ros2/install/velodyne_gazebo_plugins:/home/kanishk/DRL_robot_navigation_ros2/install/velodyne_description:${AMENT_PREFIX_PATH} CMAKE_PREFIX_PATH=/home/kanishk/DRL_robot_navigation_ros2/install/velodyne_gazebo_plugins:/home/kanishk/DRL_robot_navigation_ros2/install/velodyne_description:/opt/ros/foxy LD_LIBRARY_PATH=/home/kanishk/DRL_robot_navigation_ros2/install/velodyne_gazebo_plugins/lib:${LD_LIBRARY_PATH} /usr/bin/cmake --build /home/kanishk/DRL_robot_navigation_ros2/build/velodyne_simulator -- -j12 -l12
[0.754s] Invoking command in '/home/kanishk/DRL_robot_navigation_ros2/build/velodyne_simulator': AMENT_PREFIX_PATH=/home/kanishk/DRL_robot_navigation_ros2/install/velodyne_gazebo_plugins:/home/kanishk/DRL_robot_navigation_ros2/install/velodyne_description:${AMENT_PREFIX_PATH} CMAKE_PREFIX_PATH=/home/kanishk/DRL_robot_navigation_ros2/install/velodyne_gazebo_plugins:/home/kanishk/DRL_robot_navigation_ros2/install/velodyne_description:/opt/ros/foxy LD_LIBRARY_PATH=/home/kanishk/DRL_robot_navigation_ros2/install/velodyne_gazebo_plugins/lib:${LD_LIBRARY_PATH} /usr/bin/cmake --install /home/kanishk/DRL_robot_navigation_ros2/build/velodyne_simulator
[0.765s] -- Install configuration: ""
[0.765s] -- Installing: /home/kanishk/DRL_robot_navigation_ros2/install/velodyne_simulator/share/ament_index/resource_index/package_run_dependencies/velodyne_simulator
[0.765s] -- Installing: /home/kanishk/DRL_robot_navigation_ros2/install/velodyne_simulator/share/ament_index/resource_index/parent_prefix_path/velodyne_simulator
[0.765s] -- Installing: /home/kanishk/DRL_robot_navigation_ros2/install/velodyne_simulator/share/velodyne_simulator/environment/ament_prefix_path.sh
[0.766s] -- Installing: /home/kanishk/DRL_robot_navigation_ros2/install/velodyne_simulator/share/velodyne_simulator/environment/ament_prefix_path.dsv
[0.766s] -- Installing: /home/kanishk/DRL_robot_navigation_ros2/install/velodyne_simulator/share/velodyne_simulator/environment/path.sh
[0.766s] -- Installing: /home/kanishk/DRL_robot_navigation_ros2/install/velodyne_simulator/share/velodyne_simulator/environment/path.dsv
[0.766s] -- Installing: /home/kanishk/DRL_robot_navigation_ros2/install/velodyne_simulator/share/velodyne_simulator/local_setup.bash
[0.766s] -- Installing: /home/kanishk/DRL_robot_navigation_ros2/install/velodyne_simulator/share/velodyne_simulator/local_setup.sh
[0.766s] -- Installing: /home/kanishk/DRL_robot_navigation_ros2/install/velodyne_simulator/share/velodyne_simulator/local_setup.zsh
[0.767s] -- Installing: /home/kanishk/DRL_robot_navigation_ros2/install/velodyne_simulator/share/velodyne_simulator/local_setup.dsv
[0.767s] -- Installing: /home/kanishk/DRL_robot_navigation_ros2/install/velodyne_simulator/share/velodyne_simulator/package.dsv
[0.767s] -- Installing: /home/kanishk/DRL_robot_navigation_ros2/install/velodyne_simulator/share/ament_index/resource_index/packages/velodyne_simulator
[0.767s] -- Installing: /home/kanishk/DRL_robot_navigation_ros2/install/velodyne_simulator/share/velodyne_simulator/cmake/velodyne_simulatorConfig.cmake
[0.767s] -- Installing: /home/kanishk/DRL_robot_navigation_ros2/install/velodyne_simulator/share/velodyne_simulator/cmake/velodyne_simulatorConfig-version.cmake
[0.767s] -- Installing: /home/kanishk/DRL_robot_navigation_ros2/install/velodyne_simulator/share/velodyne_simulator/package.xml
[0.770s] Invoked command in '/home/kanishk/DRL_robot_navigation_ros2/build/velodyne_simulator' returned '0': AMENT_PREFIX_PATH=/home/kanishk/DRL_robot_navigation_ros2/install/velodyne_gazebo_plugins:/home/kanishk/DRL_robot_navigation_ros2/install/velodyne_description:${AMENT_PREFIX_PATH} CMAKE_PREFIX_PATH=/home/kanishk/DRL_robot_navigation_ros2/install/velodyne_gazebo_plugins:/home/kanishk/DRL_robot_navigation_ros2/install/velodyne_description:/opt/ros/foxy LD_LIBRARY_PATH=/home/kanishk/DRL_robot_navigation_ros2/install/velodyne_gazebo_plugins/lib:${LD_LIBRARY_PATH} /usr/bin/cmake --install /home/kanishk/DRL_robot_navigation_ros2/build/velodyne_simulator
