[0.009s] Invoking command in '/home/kanishk/DRL_robot_navigation_ros2/build/velodyne_simulator': CMAKE_PREFIX_PATH=/home/kanishk/DRL_robot_navigation_ros2/install/velodyne_gazebo_plugins:/home/kanishk/DRL_robot_navigation_ros2/install/velodyne_description:/home/kanishk/DRL_robot_navigation_ros2/install/velodyne_simulator:/home/kanishk/DRL_robot_navigation_ros2/install/td3:/home/kanishk/DRL_robot_navigation_ros2/install/autonomous_tb3 /usr/bin/cmake --build /home/kanishk/DRL_robot_navigation_ros2/build/velodyne_simulator -- -j12 -l12
[0.042s] Invoked command in '/home/kanishk/DRL_robot_navigation_ros2/build/velodyne_simulator' returned '0': CMAKE_PREFIX_PATH=/home/kanishk/DRL_robot_navigation_ros2/install/velodyne_gazebo_plugins:/home/kanishk/DRL_robot_navigation_ros2/install/velodyne_description:/home/kanishk/DRL_robot_navigation_ros2/install/velodyne_simulator:/home/kanishk/DRL_robot_navigation_ros2/install/td3:/home/kanishk/DRL_robot_navigation_ros2/install/autonomous_tb3 /usr/bin/cmake --build /home/kanishk/DRL_robot_navigation_ros2/build/velodyne_simulator -- -j12 -l12
[0.063s] Invoking command in '/home/kanishk/DRL_robot_navigation_ros2/build/velodyne_simulator': CMAKE_PREFIX_PATH=/home/kanishk/DRL_robot_navigation_ros2/install/velodyne_gazebo_plugins:/home/kanishk/DRL_robot_navigation_ros2/install/velodyne_description:/home/kanishk/DRL_robot_navigation_ros2/install/velodyne_simulator:/home/kanishk/DRL_robot_navigation_ros2/install/td3:/home/kanishk/DRL_robot_navigation_ros2/install/autonomous_tb3 /usr/bin/cmake --install /home/kanishk/DRL_robot_navigation_ros2/build/velodyne_simulator
[0.072s] -- Install configuration: ""
[0.072s] -- Up-to-date: /home/kanishk/DRL_robot_navigation_ros2/install/velodyne_simulator/share/ament_index/resource_index/package_run_dependencies/velodyne_simulator
[0.073s] -- Up-to-date: /home/kanishk/DRL_robot_navigation_ros2/install/velodyne_simulator/share/ament_index/resource_index/parent_prefix_path/velodyne_simulator
[0.073s] -- Up-to-date: /home/kanishk/DRL_robot_navigation_ros2/install/velodyne_simulator/share/velodyne_simulator/environment/ament_prefix_path.sh
[0.073s] -- Up-to-date: /home/kanishk/DRL_robot_navigation_ros2/install/velodyne_simulator/share/velodyne_simulator/environment/ament_prefix_path.dsv
[0.073s] -- Up-to-date: /home/kanishk/DRL_robot_navigation_ros2/install/velodyne_simulator/share/velodyne_simulator/environment/path.sh
[0.073s] -- Up-to-date: /home/kanishk/DRL_robot_navigation_ros2/install/velodyne_simulator/share/velodyne_simulator/environment/path.dsv
[0.073s] -- Up-to-date: /home/kanishk/DRL_robot_navigation_ros2/install/velodyne_simulator/share/velodyne_simulator/local_setup.bash
[0.073s] -- Up-to-date: /home/kanishk/DRL_robot_navigation_ros2/install/velodyne_simulator/share/velodyne_simulator/local_setup.sh
[0.073s] -- Up-to-date: /home/kanishk/DRL_robot_navigation_ros2/install/velodyne_simulator/share/velodyne_simulator/local_setup.zsh
[0.073s] -- Up-to-date: /home/kanishk/DRL_robot_navigation_ros2/install/velodyne_simulator/share/velodyne_simulator/local_setup.dsv
[0.073s] -- Installing: /home/kanishk/DRL_robot_navigation_ros2/install/velodyne_simulator/share/velodyne_simulator/package.dsv
[0.074s] -- Up-to-date: /home/kanishk/DRL_robot_navigation_ros2/install/velodyne_simulator/share/ament_index/resource_index/packages/velodyne_simulator
[0.074s] -- Up-to-date: /home/kanishk/DRL_robot_navigation_ros2/install/velodyne_simulator/share/velodyne_simulator/cmake/velodyne_simulatorConfig.cmake
[0.074s] -- Up-to-date: /home/kanishk/DRL_robot_navigation_ros2/install/velodyne_simulator/share/velodyne_simulator/cmake/velodyne_simulatorConfig-version.cmake
[0.074s] -- Up-to-date: /home/kanishk/DRL_robot_navigation_ros2/install/velodyne_simulator/share/velodyne_simulator/package.xml
[0.076s] Invoked command in '/home/kanishk/DRL_robot_navigation_ros2/build/velodyne_simulator' returned '0': CMAKE_PREFIX_PATH=/home/kanishk/DRL_robot_navigation_ros2/install/velodyne_gazebo_plugins:/home/kanishk/DRL_robot_navigation_ros2/install/velodyne_description:/home/kanishk/DRL_robot_navigation_ros2/install/velodyne_simulator:/home/kanishk/DRL_robot_navigation_ros2/install/td3:/home/kanishk/DRL_robot_navigation_ros2/install/autonomous_tb3 /usr/bin/cmake --install /home/kanishk/DRL_robot_navigation_ros2/build/velodyne_simulator
