[0.234s] DEBUG:colcon:Command line arguments: ['/usr/bin/colcon', 'build']
[0.234s] DEBUG:colcon:Parsed command line arguments: Namespace(allow_overriding=[], ament_cmake_args=None, base_paths=['.'], build_base='build', catkin_cmake_args=None, catkin_skip_building_tests=False, cmake_args=None, cmake_clean_cache=False, cmake_clean_first=False, cmake_force_configure=False, cmake_target=None, cmake_target_skip_unavailable=False, continue_on_error=False, event_handlers=None, executor='parallel', ignore_user_meta=False, install_base='install', log_base=None, log_level=None, main=<bound method BuildVerb.main of <colcon_core.verb.build.BuildVerb object at 0x7fa28c0cfd30>>, merge_install=False, metas=['./colcon.meta'], mixin=None, mixin_files=None, mixin_verb=('build',), packages_above=None, packages_above_and_dependencies=None, packages_above_depth=None, packages_end=None, packages_ignore=None, packages_ignore_regex=None, packages_select=None, packages_select_build_failed=False, packages_select_by_dep=None, packages_select_regex=None, packages_select_test_failures=False, packages_skip=None, packages_skip_build_finished=False, packages_skip_by_dep=None, packages_skip_regex=None, packages_skip_test_passed=False, packages_skip_up_to=None, packages_start=None, packages_up_to=None, packages_up_to_regex=None, parallel_workers=12, paths=None, symlink_install=False, test_result_base=None, verb_extension=<colcon_core.verb.build.BuildVerb object at 0x7fa28c0cfd30>, verb_name='build', verb_parser=<colcon_mixin.mixin.mixin_argument.MixinArgumentDecorator object at 0x7fa28bfb4100>)
[0.397s] Level 1:colcon.colcon_core.package_discovery:discover_packages(colcon_meta) check parameters
[0.398s] Level 1:colcon.colcon_core.package_discovery:discover_packages(recursive) check parameters
[0.398s] Level 1:colcon.colcon_core.package_discovery:discover_packages(ignore) check parameters
[0.398s] Level 1:colcon.colcon_core.package_discovery:discover_packages(path) check parameters
[0.398s] Level 1:colcon.colcon_core.package_discovery:discover_packages(colcon_meta) discover
[0.398s] Level 1:colcon.colcon_core.package_discovery:discover_packages(recursive) discover
[0.398s] INFO:colcon.colcon_core.package_discovery:Crawling recursively for packages in '/home/kanishk/DRL_robot_navigation_ros2'
[0.398s] Level 1:colcon.colcon_core.package_identification:_identify(.) by extensions ['ignore', 'ignore_ament_install']
[0.398s] Level 1:colcon.colcon_core.package_identification:_identify(.) by extension 'ignore'
[0.398s] Level 1:colcon.colcon_core.package_identification:_identify(.) by extension 'ignore_ament_install'
[0.398s] Level 1:colcon.colcon_core.package_identification:_identify(.) by extensions ['colcon_pkg']
[0.398s] Level 1:colcon.colcon_core.package_identification:_identify(.) by extension 'colcon_pkg'
[0.398s] Level 1:colcon.colcon_core.package_identification:_identify(.) by extensions ['colcon_meta']
[0.398s] Level 1:colcon.colcon_core.package_identification:_identify(.) by extension 'colcon_meta'
[0.398s] Level 1:colcon.colcon_core.package_identification:_identify(.) by extensions ['ros']
[0.398s] Level 1:colcon.colcon_core.package_identification:_identify(.) by extension 'ros'
[0.408s] Level 1:colcon.colcon_core.package_identification:_identify(.) by extensions ['cmake', 'python']
[0.408s] Level 1:colcon.colcon_core.package_identification:_identify(.) by extension 'cmake'
[0.408s] Level 1:colcon.colcon_core.package_identification:_identify(.) by extension 'python'
[0.408s] Level 1:colcon.colcon_core.package_identification:_identify(.) by extensions ['python_setup_py']
[0.408s] Level 1:colcon.colcon_core.package_identification:_identify(.) by extension 'python_setup_py'
[0.408s] Level 1:colcon.colcon_core.package_identification:_identify(build) by extensions ['ignore', 'ignore_ament_install']
[0.408s] Level 1:colcon.colcon_core.package_identification:_identify(build) by extension 'ignore'
[0.408s] Level 1:colcon.colcon_core.package_identification:_identify(build) ignored
[0.408s] Level 1:colcon.colcon_core.package_identification:_identify(install) by extensions ['ignore', 'ignore_ament_install']
[0.408s] Level 1:colcon.colcon_core.package_identification:_identify(install) by extension 'ignore'
[0.408s] Level 1:colcon.colcon_core.package_identification:_identify(install) ignored
[0.409s] Level 1:colcon.colcon_core.package_identification:_identify(log) by extensions ['ignore', 'ignore_ament_install']
[0.409s] Level 1:colcon.colcon_core.package_identification:_identify(log) by extension 'ignore'
[0.409s] Level 1:colcon.colcon_core.package_identification:_identify(log) ignored
[0.409s] Level 1:colcon.colcon_core.package_identification:_identify(src) by extensions ['ignore', 'ignore_ament_install']
[0.409s] Level 1:colcon.colcon_core.package_identification:_identify(src) by extension 'ignore'
[0.409s] Level 1:colcon.colcon_core.package_identification:_identify(src) by extension 'ignore_ament_install'
[0.409s] Level 1:colcon.colcon_core.package_identification:_identify(src) by extensions ['colcon_pkg']
[0.409s] Level 1:colcon.colcon_core.package_identification:_identify(src) by extension 'colcon_pkg'
[0.409s] Level 1:colcon.colcon_core.package_identification:_identify(src) by extensions ['colcon_meta']
[0.409s] Level 1:colcon.colcon_core.package_identification:_identify(src) by extension 'colcon_meta'
[0.409s] Level 1:colcon.colcon_core.package_identification:_identify(src) by extensions ['ros']
[0.409s] Level 1:colcon.colcon_core.package_identification:_identify(src) by extension 'ros'
[0.409s] Level 1:colcon.colcon_core.package_identification:_identify(src) by extensions ['cmake', 'python']
[0.409s] Level 1:colcon.colcon_core.package_identification:_identify(src) by extension 'cmake'
[0.409s] Level 1:colcon.colcon_core.package_identification:_identify(src) by extension 'python'
[0.409s] Level 1:colcon.colcon_core.package_identification:_identify(src) by extensions ['python_setup_py']
[0.409s] Level 1:colcon.colcon_core.package_identification:_identify(src) by extension 'python_setup_py'
[0.409s] Level 1:colcon.colcon_core.package_identification:_identify(src/td3) by extensions ['ignore', 'ignore_ament_install']
[0.410s] Level 1:colcon.colcon_core.package_identification:_identify(src/td3) by extension 'ignore'
[0.410s] Level 1:colcon.colcon_core.package_identification:_identify(src/td3) by extension 'ignore_ament_install'
[0.410s] Level 1:colcon.colcon_core.package_identification:_identify(src/td3) by extensions ['colcon_pkg']
[0.410s] Level 1:colcon.colcon_core.package_identification:_identify(src/td3) by extension 'colcon_pkg'
[0.410s] Level 1:colcon.colcon_core.package_identification:_identify(src/td3) by extensions ['colcon_meta']
[0.410s] Level 1:colcon.colcon_core.package_identification:_identify(src/td3) by extension 'colcon_meta'
[0.410s] Level 1:colcon.colcon_core.package_identification:_identify(src/td3) by extensions ['ros']
[0.410s] Level 1:colcon.colcon_core.package_identification:_identify(src/td3) by extension 'ros'
[0.412s] DEBUG:colcon.colcon_core.package_identification:Package 'src/td3' with type 'ros.ament_cmake' and name 'td3'
[0.412s] Level 1:colcon.colcon_core.package_identification:_identify(src/velodyne_simulator) by extensions ['ignore', 'ignore_ament_install']
[0.412s] Level 1:colcon.colcon_core.package_identification:_identify(src/velodyne_simulator) by extension 'ignore'
[0.412s] Level 1:colcon.colcon_core.package_identification:_identify(src/velodyne_simulator) by extension 'ignore_ament_install'
[0.412s] Level 1:colcon.colcon_core.package_identification:_identify(src/velodyne_simulator) by extensions ['colcon_pkg']
[0.412s] Level 1:colcon.colcon_core.package_identification:_identify(src/velodyne_simulator) by extension 'colcon_pkg'
[0.412s] Level 1:colcon.colcon_core.package_identification:_identify(src/velodyne_simulator) by extensions ['colcon_meta']
[0.413s] Level 1:colcon.colcon_core.package_identification:_identify(src/velodyne_simulator) by extension 'colcon_meta'
[0.413s] Level 1:colcon.colcon_core.package_identification:_identify(src/velodyne_simulator) by extensions ['ros']
[0.413s] Level 1:colcon.colcon_core.package_identification:_identify(src/velodyne_simulator) by extension 'ros'
[0.413s] Level 1:colcon.colcon_core.package_identification:_identify(src/velodyne_simulator) by extensions ['cmake', 'python']
[0.413s] Level 1:colcon.colcon_core.package_identification:_identify(src/velodyne_simulator) by extension 'cmake'
[0.413s] Level 1:colcon.colcon_core.package_identification:_identify(src/velodyne_simulator) by extension 'python'
[0.413s] Level 1:colcon.colcon_core.package_identification:_identify(src/velodyne_simulator) by extensions ['python_setup_py']
[0.413s] Level 1:colcon.colcon_core.package_identification:_identify(src/velodyne_simulator) by extension 'python_setup_py'
[0.413s] Level 1:colcon.colcon_core.package_identification:_identify(src/velodyne_simulator/img) by extensions ['ignore', 'ignore_ament_install']
[0.413s] Level 1:colcon.colcon_core.package_identification:_identify(src/velodyne_simulator/img) by extension 'ignore'
[0.413s] Level 1:colcon.colcon_core.package_identification:_identify(src/velodyne_simulator/img) by extension 'ignore_ament_install'
[0.413s] Level 1:colcon.colcon_core.package_identification:_identify(src/velodyne_simulator/img) by extensions ['colcon_pkg']
[0.413s] Level 1:colcon.colcon_core.package_identification:_identify(src/velodyne_simulator/img) by extension 'colcon_pkg'
[0.413s] Level 1:colcon.colcon_core.package_identification:_identify(src/velodyne_simulator/img) by extensions ['colcon_meta']
[0.413s] Level 1:colcon.colcon_core.package_identification:_identify(src/velodyne_simulator/img) by extension 'colcon_meta'
[0.413s] Level 1:colcon.colcon_core.package_identification:_identify(src/velodyne_simulator/img) by extensions ['ros']
[0.413s] Level 1:colcon.colcon_core.package_identification:_identify(src/velodyne_simulator/img) by extension 'ros'
[0.413s] Level 1:colcon.colcon_core.package_identification:_identify(src/velodyne_simulator/img) by extensions ['cmake', 'python']
[0.413s] Level 1:colcon.colcon_core.package_identification:_identify(src/velodyne_simulator/img) by extension 'cmake'
[0.413s] Level 1:colcon.colcon_core.package_identification:_identify(src/velodyne_simulator/img) by extension 'python'
[0.414s] Level 1:colcon.colcon_core.package_identification:_identify(src/velodyne_simulator/img) by extensions ['python_setup_py']
[0.414s] Level 1:colcon.colcon_core.package_identification:_identify(src/velodyne_simulator/img) by extension 'python_setup_py'
[0.414s] Level 1:colcon.colcon_core.package_identification:_identify(src/velodyne_simulator/velodyne_description) by extensions ['ignore', 'ignore_ament_install']
[0.414s] Level 1:colcon.colcon_core.package_identification:_identify(src/velodyne_simulator/velodyne_description) by extension 'ignore'
[0.414s] Level 1:colcon.colcon_core.package_identification:_identify(src/velodyne_simulator/velodyne_description) by extension 'ignore_ament_install'
[0.414s] Level 1:colcon.colcon_core.package_identification:_identify(src/velodyne_simulator/velodyne_description) by extensions ['colcon_pkg']
[0.414s] Level 1:colcon.colcon_core.package_identification:_identify(src/velodyne_simulator/velodyne_description) by extension 'colcon_pkg'
[0.414s] Level 1:colcon.colcon_core.package_identification:_identify(src/velodyne_simulator/velodyne_description) by extensions ['colcon_meta']
[0.414s] Level 1:colcon.colcon_core.package_identification:_identify(src/velodyne_simulator/velodyne_description) by extension 'colcon_meta'
[0.414s] Level 1:colcon.colcon_core.package_identification:_identify(src/velodyne_simulator/velodyne_description) by extensions ['ros']
[0.414s] Level 1:colcon.colcon_core.package_identification:_identify(src/velodyne_simulator/velodyne_description) by extension 'ros'
[0.415s] DEBUG:colcon.colcon_core.package_identification:Package 'src/velodyne_simulator/velodyne_description' with type 'ros.ament_cmake' and name 'velodyne_description'
[0.415s] Level 1:colcon.colcon_core.package_identification:_identify(src/velodyne_simulator/velodyne_gazebo_plugins) by extensions ['ignore', 'ignore_ament_install']
[0.415s] Level 1:colcon.colcon_core.package_identification:_identify(src/velodyne_simulator/velodyne_gazebo_plugins) by extension 'ignore'
[0.415s] Level 1:colcon.colcon_core.package_identification:_identify(src/velodyne_simulator/velodyne_gazebo_plugins) by extension 'ignore_ament_install'
[0.415s] Level 1:colcon.colcon_core.package_identification:_identify(src/velodyne_simulator/velodyne_gazebo_plugins) by extensions ['colcon_pkg']
[0.415s] Level 1:colcon.colcon_core.package_identification:_identify(src/velodyne_simulator/velodyne_gazebo_plugins) by extension 'colcon_pkg'
[0.415s] Level 1:colcon.colcon_core.package_identification:_identify(src/velodyne_simulator/velodyne_gazebo_plugins) by extensions ['colcon_meta']
[0.415s] Level 1:colcon.colcon_core.package_identification:_identify(src/velodyne_simulator/velodyne_gazebo_plugins) by extension 'colcon_meta'
[0.415s] Level 1:colcon.colcon_core.package_identification:_identify(src/velodyne_simulator/velodyne_gazebo_plugins) by extensions ['ros']
[0.415s] Level 1:colcon.colcon_core.package_identification:_identify(src/velodyne_simulator/velodyne_gazebo_plugins) by extension 'ros'
[0.416s] DEBUG:colcon.colcon_core.package_identification:Package 'src/velodyne_simulator/velodyne_gazebo_plugins' with type 'ros.ament_cmake' and name 'velodyne_gazebo_plugins'
[0.416s] Level 1:colcon.colcon_core.package_identification:_identify(src/velodyne_simulator/velodyne_simulator) by extensions ['ignore', 'ignore_ament_install']
[0.416s] Level 1:colcon.colcon_core.package_identification:_identify(src/velodyne_simulator/velodyne_simulator) by extension 'ignore'
[0.416s] Level 1:colcon.colcon_core.package_identification:_identify(src/velodyne_simulator/velodyne_simulator) by extension 'ignore_ament_install'
[0.416s] Level 1:colcon.colcon_core.package_identification:_identify(src/velodyne_simulator/velodyne_simulator) by extensions ['colcon_pkg']
[0.416s] Level 1:colcon.colcon_core.package_identification:_identify(src/velodyne_simulator/velodyne_simulator) by extension 'colcon_pkg'
[0.416s] Level 1:colcon.colcon_core.package_identification:_identify(src/velodyne_simulator/velodyne_simulator) by extensions ['colcon_meta']
[0.416s] Level 1:colcon.colcon_core.package_identification:_identify(src/velodyne_simulator/velodyne_simulator) by extension 'colcon_meta'
[0.416s] Level 1:colcon.colcon_core.package_identification:_identify(src/velodyne_simulator/velodyne_simulator) by extensions ['ros']
[0.416s] Level 1:colcon.colcon_core.package_identification:_identify(src/velodyne_simulator/velodyne_simulator) by extension 'ros'
[0.417s] DEBUG:colcon.colcon_core.package_identification:Package 'src/velodyne_simulator/velodyne_simulator' with type 'ros.ament_cmake' and name 'velodyne_simulator'
[0.417s] Level 1:colcon.colcon_core.package_discovery:discover_packages(recursive) using defaults
[0.417s] Level 1:colcon.colcon_core.package_discovery:discover_packages(ignore) discover
[0.417s] Level 1:colcon.colcon_core.package_discovery:discover_packages(ignore) using defaults
[0.417s] Level 1:colcon.colcon_core.package_discovery:discover_packages(path) discover
[0.417s] Level 1:colcon.colcon_core.package_discovery:discover_packages(path) using defaults
[0.439s] Level 1:colcon.colcon_core.package_discovery:discover_packages(prefix_path) check parameters
[0.439s] Level 1:colcon.colcon_core.package_discovery:discover_packages(prefix_path) discover
[0.441s] DEBUG:colcon.colcon_installed_package_information.package_discovery:Found 263 installed packages in /opt/ros/foxy
[0.443s] Level 1:colcon.colcon_core.package_discovery:discover_packages(prefix_path) using defaults
[0.499s] Level 5:colcon.colcon_core.verb:set package 'td3' build argument 'cmake_args' from command line to 'None'
[0.499s] Level 5:colcon.colcon_core.verb:set package 'td3' build argument 'cmake_target' from command line to 'None'
[0.499s] Level 5:colcon.colcon_core.verb:set package 'td3' build argument 'cmake_target_skip_unavailable' from command line to 'False'
[0.499s] Level 5:colcon.colcon_core.verb:set package 'td3' build argument 'cmake_clean_cache' from command line to 'False'
[0.499s] Level 5:colcon.colcon_core.verb:set package 'td3' build argument 'cmake_clean_first' from command line to 'False'
[0.499s] Level 5:colcon.colcon_core.verb:set package 'td3' build argument 'cmake_force_configure' from command line to 'False'
[0.499s] Level 5:colcon.colcon_core.verb:set package 'td3' build argument 'ament_cmake_args' from command line to 'None'
[0.499s] Level 5:colcon.colcon_core.verb:set package 'td3' build argument 'catkin_cmake_args' from command line to 'None'
[0.499s] Level 5:colcon.colcon_core.verb:set package 'td3' build argument 'catkin_skip_building_tests' from command line to 'False'
[0.499s] DEBUG:colcon.colcon_core.verb:Building package 'td3' with the following arguments: {'ament_cmake_args': None, 'build_base': '/home/kanishk/DRL_robot_navigation_ros2/build/td3', 'catkin_cmake_args': None, 'catkin_skip_building_tests': False, 'cmake_args': None, 'cmake_clean_cache': False, 'cmake_clean_first': False, 'cmake_force_configure': False, 'cmake_target': None, 'cmake_target_skip_unavailable': False, 'install_base': '/home/kanishk/DRL_robot_navigation_ros2/install/td3', 'merge_install': False, 'path': '/home/kanishk/DRL_robot_navigation_ros2/src/td3', 'symlink_install': False, 'test_result_base': None}
[0.499s] Level 5:colcon.colcon_core.verb:set package 'velodyne_description' build argument 'cmake_args' from command line to 'None'
[0.499s] Level 5:colcon.colcon_core.verb:set package 'velodyne_description' build argument 'cmake_target' from command line to 'None'
[0.499s] Level 5:colcon.colcon_core.verb:set package 'velodyne_description' build argument 'cmake_target_skip_unavailable' from command line to 'False'
[0.499s] Level 5:colcon.colcon_core.verb:set package 'velodyne_description' build argument 'cmake_clean_cache' from command line to 'False'
[0.499s] Level 5:colcon.colcon_core.verb:set package 'velodyne_description' build argument 'cmake_clean_first' from command line to 'False'
[0.499s] Level 5:colcon.colcon_core.verb:set package 'velodyne_description' build argument 'cmake_force_configure' from command line to 'False'
[0.499s] Level 5:colcon.colcon_core.verb:set package 'velodyne_description' build argument 'ament_cmake_args' from command line to 'None'
[0.499s] Level 5:colcon.colcon_core.verb:set package 'velodyne_description' build argument 'catkin_cmake_args' from command line to 'None'
[0.499s] Level 5:colcon.colcon_core.verb:set package 'velodyne_description' build argument 'catkin_skip_building_tests' from command line to 'False'
[0.499s] DEBUG:colcon.colcon_core.verb:Building package 'velodyne_description' with the following arguments: {'ament_cmake_args': None, 'build_base': '/home/kanishk/DRL_robot_navigation_ros2/build/velodyne_description', 'catkin_cmake_args': None, 'catkin_skip_building_tests': False, 'cmake_args': None, 'cmake_clean_cache': False, 'cmake_clean_first': False, 'cmake_force_configure': False, 'cmake_target': None, 'cmake_target_skip_unavailable': False, 'install_base': '/home/kanishk/DRL_robot_navigation_ros2/install/velodyne_description', 'merge_install': False, 'path': '/home/kanishk/DRL_robot_navigation_ros2/src/velodyne_simulator/velodyne_description', 'symlink_install': False, 'test_result_base': None}
[0.500s] Level 5:colcon.colcon_core.verb:set package 'velodyne_gazebo_plugins' build argument 'cmake_args' from command line to 'None'
[0.500s] Level 5:colcon.colcon_core.verb:set package 'velodyne_gazebo_plugins' build argument 'cmake_target' from command line to 'None'
[0.500s] Level 5:colcon.colcon_core.verb:set package 'velodyne_gazebo_plugins' build argument 'cmake_target_skip_unavailable' from command line to 'False'
[0.500s] Level 5:colcon.colcon_core.verb:set package 'velodyne_gazebo_plugins' build argument 'cmake_clean_cache' from command line to 'False'
[0.500s] Level 5:colcon.colcon_core.verb:set package 'velodyne_gazebo_plugins' build argument 'cmake_clean_first' from command line to 'False'
[0.500s] Level 5:colcon.colcon_core.verb:set package 'velodyne_gazebo_plugins' build argument 'cmake_force_configure' from command line to 'False'
[0.500s] Level 5:colcon.colcon_core.verb:set package 'velodyne_gazebo_plugins' build argument 'ament_cmake_args' from command line to 'None'
[0.500s] Level 5:colcon.colcon_core.verb:set package 'velodyne_gazebo_plugins' build argument 'catkin_cmake_args' from command line to 'None'
[0.500s] Level 5:colcon.colcon_core.verb:set package 'velodyne_gazebo_plugins' build argument 'catkin_skip_building_tests' from command line to 'False'
[0.500s] DEBUG:colcon.colcon_core.verb:Building package 'velodyne_gazebo_plugins' with the following arguments: {'ament_cmake_args': None, 'build_base': '/home/kanishk/DRL_robot_navigation_ros2/build/velodyne_gazebo_plugins', 'catkin_cmake_args': None, 'catkin_skip_building_tests': False, 'cmake_args': None, 'cmake_clean_cache': False, 'cmake_clean_first': False, 'cmake_force_configure': False, 'cmake_target': None, 'cmake_target_skip_unavailable': False, 'install_base': '/home/kanishk/DRL_robot_navigation_ros2/install/velodyne_gazebo_plugins', 'merge_install': False, 'path': '/home/kanishk/DRL_robot_navigation_ros2/src/velodyne_simulator/velodyne_gazebo_plugins', 'symlink_install': False, 'test_result_base': None}
[0.500s] Level 5:colcon.colcon_core.verb:set package 'velodyne_simulator' build argument 'cmake_args' from command line to 'None'
[0.500s] Level 5:colcon.colcon_core.verb:set package 'velodyne_simulator' build argument 'cmake_target' from command line to 'None'
[0.500s] Level 5:colcon.colcon_core.verb:set package 'velodyne_simulator' build argument 'cmake_target_skip_unavailable' from command line to 'False'
[0.500s] Level 5:colcon.colcon_core.verb:set package 'velodyne_simulator' build argument 'cmake_clean_cache' from command line to 'False'
[0.500s] Level 5:colcon.colcon_core.verb:set package 'velodyne_simulator' build argument 'cmake_clean_first' from command line to 'False'
[0.501s] Level 5:colcon.colcon_core.verb:set package 'velodyne_simulator' build argument 'cmake_force_configure' from command line to 'False'
[0.501s] Level 5:colcon.colcon_core.verb:set package 'velodyne_simulator' build argument 'ament_cmake_args' from command line to 'None'
[0.501s] Level 5:colcon.colcon_core.verb:set package 'velodyne_simulator' build argument 'catkin_cmake_args' from command line to 'None'
[0.501s] Level 5:colcon.colcon_core.verb:set package 'velodyne_simulator' build argument 'catkin_skip_building_tests' from command line to 'False'
[0.501s] DEBUG:colcon.colcon_core.verb:Building package 'velodyne_simulator' with the following arguments: {'ament_cmake_args': None, 'build_base': '/home/kanishk/DRL_robot_navigation_ros2/build/velodyne_simulator', 'catkin_cmake_args': None, 'catkin_skip_building_tests': False, 'cmake_args': None, 'cmake_clean_cache': False, 'cmake_clean_first': False, 'cmake_force_configure': False, 'cmake_target': None, 'cmake_target_skip_unavailable': False, 'install_base': '/home/kanishk/DRL_robot_navigation_ros2/install/velodyne_simulator', 'merge_install': False, 'path': '/home/kanishk/DRL_robot_navigation_ros2/src/velodyne_simulator/velodyne_simulator', 'symlink_install': False, 'test_result_base': None}
[0.501s] INFO:colcon.colcon_core.executor:Executing jobs using 'parallel' executor
[0.502s] DEBUG:colcon.colcon_parallel_executor.executor.parallel:run_until_complete
[0.502s] INFO:colcon.colcon_ros.task.ament_cmake.build:Building ROS package in '/home/kanishk/DRL_robot_navigation_ros2/src/velodyne_simulator/velodyne_description' with build type 'ament_cmake'
[0.502s] INFO:colcon.colcon_cmake.task.cmake.build:Building CMake package in '/home/kanishk/DRL_robot_navigation_ros2/src/velodyne_simulator/velodyne_description'
[0.504s] INFO:colcon.colcon_core.plugin_system:Skipping extension 'colcon_core.shell.bat': Not used on non-Windows systems
[0.504s] INFO:colcon.colcon_core.shell:Skip shell extension 'powershell' for command environment: Not usable outside of PowerShell
[0.504s] DEBUG:colcon.colcon_core.shell:Skip shell extension 'dsv' for command environment
[0.507s] INFO:colcon.colcon_ros.task.ament_cmake.build:Building ROS package in '/home/kanishk/DRL_robot_navigation_ros2/src/velodyne_simulator/velodyne_gazebo_plugins' with build type 'ament_cmake'
[0.507s] INFO:colcon.colcon_cmake.task.cmake.build:Building CMake package in '/home/kanishk/DRL_robot_navigation_ros2/src/velodyne_simulator/velodyne_gazebo_plugins'
[0.508s] INFO:colcon.colcon_core.shell:Skip shell extension 'powershell' for command environment: Not usable outside of PowerShell
[0.508s] DEBUG:colcon.colcon_core.shell:Skip shell extension 'dsv' for command environment
[0.511s] INFO:colcon.colcon_ros.task.ament_cmake.build:Building ROS package in '/home/kanishk/DRL_robot_navigation_ros2/src/td3' with build type 'ament_cmake'
[0.511s] INFO:colcon.colcon_cmake.task.cmake.build:Building CMake package in '/home/kanishk/DRL_robot_navigation_ros2/src/td3'
[0.511s] INFO:colcon.colcon_core.shell:Skip shell extension 'powershell' for command environment: Not usable outside of PowerShell
[0.512s] DEBUG:colcon.colcon_core.shell:Skip shell extension 'dsv' for command environment
[0.520s] DEBUG:colcon.colcon_core.event_handler.log_command:Invoking command in '/home/kanishk/DRL_robot_navigation_ros2/build/velodyne_description': CMAKE_PREFIX_PATH=/opt/ros/foxy /usr/bin/cmake /home/kanishk/DRL_robot_navigation_ros2/src/velodyne_simulator/velodyne_description -DCMAKE_INSTALL_PREFIX=/home/kanishk/DRL_robot_navigation_ros2/install/velodyne_description
[0.522s] DEBUG:colcon.colcon_core.event_handler.log_command:Invoking command in '/home/kanishk/DRL_robot_navigation_ros2/build/velodyne_gazebo_plugins': CMAKE_PREFIX_PATH=/opt/ros/foxy /usr/bin/cmake /home/kanishk/DRL_robot_navigation_ros2/src/velodyne_simulator/velodyne_gazebo_plugins -DCMAKE_INSTALL_PREFIX=/home/kanishk/DRL_robot_navigation_ros2/install/velodyne_gazebo_plugins
[0.527s] DEBUG:colcon.colcon_core.event_handler.log_command:Invoking command in '/home/kanishk/DRL_robot_navigation_ros2/build/td3': CMAKE_PREFIX_PATH=/opt/ros/foxy /usr/bin/cmake /home/kanishk/DRL_robot_navigation_ros2/src/td3 -DCMAKE_INSTALL_PREFIX=/home/kanishk/DRL_robot_navigation_ros2/install/td3
[1.222s] DEBUG:colcon.colcon_core.event_handler.log_command:Invoked command in '/home/kanishk/DRL_robot_navigation_ros2/build/td3' returned '0': CMAKE_PREFIX_PATH=/opt/ros/foxy /usr/bin/cmake /home/kanishk/DRL_robot_navigation_ros2/src/td3 -DCMAKE_INSTALL_PREFIX=/home/kanishk/DRL_robot_navigation_ros2/install/td3
[1.225s] DEBUG:colcon.colcon_core.event_handler.log_command:Invoking command in '/home/kanishk/DRL_robot_navigation_ros2/build/td3': CMAKE_PREFIX_PATH=/opt/ros/foxy /usr/bin/cmake --build /home/kanishk/DRL_robot_navigation_ros2/build/td3 -- -j12 -l12
[1.259s] DEBUG:colcon.colcon_core.event_handler.log_command:Invoked command in '/home/kanishk/DRL_robot_navigation_ros2/build/td3' returned '0': CMAKE_PREFIX_PATH=/opt/ros/foxy /usr/bin/cmake --build /home/kanishk/DRL_robot_navigation_ros2/build/td3 -- -j12 -l12
[1.287s] DEBUG:colcon.colcon_core.event_handler.log_command:Invoking command in '/home/kanishk/DRL_robot_navigation_ros2/build/td3': CMAKE_PREFIX_PATH=/opt/ros/foxy /usr/bin/cmake --install /home/kanishk/DRL_robot_navigation_ros2/build/td3
[1.388s] Level 1:colcon.colcon_core.environment:create_environment_scripts_only(td3)
[1.389s] DEBUG:colcon.colcon_core.event_handler.log_command:Invoked command in '/home/kanishk/DRL_robot_navigation_ros2/build/td3' returned '0': CMAKE_PREFIX_PATH=/opt/ros/foxy /usr/bin/cmake --install /home/kanishk/DRL_robot_navigation_ros2/build/td3
[1.391s] Level 1:colcon.colcon_core.environment:checking '/home/kanishk/DRL_robot_navigation_ros2/install/td3' for CMake module files
[1.392s] Level 1:colcon.colcon_core.environment:checking '/home/kanishk/DRL_robot_navigation_ros2/install/td3' for CMake config files
[1.392s] Level 1:colcon.colcon_core.shell:create_environment_hook('td3', 'cmake_prefix_path')
[1.392s] INFO:colcon.colcon_core.shell:Creating environment hook '/home/kanishk/DRL_robot_navigation_ros2/install/td3/share/td3/hook/cmake_prefix_path.ps1'
[1.393s] INFO:colcon.colcon_core.shell:Creating environment descriptor '/home/kanishk/DRL_robot_navigation_ros2/install/td3/share/td3/hook/cmake_prefix_path.dsv'
[1.393s] INFO:colcon.colcon_core.shell:Creating environment hook '/home/kanishk/DRL_robot_navigation_ros2/install/td3/share/td3/hook/cmake_prefix_path.sh'
[1.394s] Level 1:colcon.colcon_core.environment:checking '/home/kanishk/DRL_robot_navigation_ros2/install/td3/lib'
[1.394s] Level 1:colcon.colcon_core.environment:checking '/home/kanishk/DRL_robot_navigation_ros2/install/td3/bin'
[1.394s] Level 1:colcon.colcon_core.environment:checking '/home/kanishk/DRL_robot_navigation_ros2/install/td3/lib/pkgconfig/td3.pc'
[1.394s] Level 1:colcon.colcon_core.environment:checking '/home/kanishk/DRL_robot_navigation_ros2/install/td3/lib/python3.8/site-packages'
[1.395s] Level 1:colcon.colcon_core.environment:checking '/home/kanishk/DRL_robot_navigation_ros2/install/td3/bin'
[1.395s] INFO:colcon.colcon_core.shell:Creating package script '/home/kanishk/DRL_robot_navigation_ros2/install/td3/share/td3/package.ps1'
[1.396s] INFO:colcon.colcon_core.shell:Creating package descriptor '/home/kanishk/DRL_robot_navigation_ros2/install/td3/share/td3/package.dsv'
[1.396s] INFO:colcon.colcon_core.shell:Creating package script '/home/kanishk/DRL_robot_navigation_ros2/install/td3/share/td3/package.sh'
[1.397s] INFO:colcon.colcon_core.shell:Creating package script '/home/kanishk/DRL_robot_navigation_ros2/install/td3/share/td3/package.bash'
[1.397s] INFO:colcon.colcon_core.shell:Creating package script '/home/kanishk/DRL_robot_navigation_ros2/install/td3/share/td3/package.zsh'
[1.398s] Level 1:colcon.colcon_core.environment:create_file_with_runtime_dependencies(/home/kanishk/DRL_robot_navigation_ros2/install/td3/share/colcon-core/packages/td3)
[1.415s] Level 1:colcon.colcon_core.environment:create_environment_scripts_only(td3)
[1.416s] Level 1:colcon.colcon_core.environment:checking '/home/kanishk/DRL_robot_navigation_ros2/install/td3' for CMake module files
[1.416s] Level 1:colcon.colcon_core.environment:checking '/home/kanishk/DRL_robot_navigation_ros2/install/td3' for CMake config files
[1.416s] Level 1:colcon.colcon_core.shell:create_environment_hook('td3', 'cmake_prefix_path')
[1.417s] INFO:colcon.colcon_core.shell:Creating environment hook '/home/kanishk/DRL_robot_navigation_ros2/install/td3/share/td3/hook/cmake_prefix_path.ps1'
[1.417s] INFO:colcon.colcon_core.shell:Creating environment descriptor '/home/kanishk/DRL_robot_navigation_ros2/install/td3/share/td3/hook/cmake_prefix_path.dsv'
[1.418s] INFO:colcon.colcon_core.shell:Creating environment hook '/home/kanishk/DRL_robot_navigation_ros2/install/td3/share/td3/hook/cmake_prefix_path.sh'
[1.418s] Level 1:colcon.colcon_core.environment:checking '/home/kanishk/DRL_robot_navigation_ros2/install/td3/lib'
[1.418s] Level 1:colcon.colcon_core.environment:checking '/home/kanishk/DRL_robot_navigation_ros2/install/td3/bin'
[1.418s] Level 1:colcon.colcon_core.environment:checking '/home/kanishk/DRL_robot_navigation_ros2/install/td3/lib/pkgconfig/td3.pc'
[1.418s] Level 1:colcon.colcon_core.environment:checking '/home/kanishk/DRL_robot_navigation_ros2/install/td3/lib/python3.8/site-packages'
[1.419s] Level 1:colcon.colcon_core.environment:checking '/home/kanishk/DRL_robot_navigation_ros2/install/td3/bin'
[1.419s] INFO:colcon.colcon_core.shell:Creating package script '/home/kanishk/DRL_robot_navigation_ros2/install/td3/share/td3/package.ps1'
[1.419s] INFO:colcon.colcon_core.shell:Creating package descriptor '/home/kanishk/DRL_robot_navigation_ros2/install/td3/share/td3/package.dsv'
[1.420s] INFO:colcon.colcon_core.shell:Creating package script '/home/kanishk/DRL_robot_navigation_ros2/install/td3/share/td3/package.sh'
[1.420s] INFO:colcon.colcon_core.shell:Creating package script '/home/kanishk/DRL_robot_navigation_ros2/install/td3/share/td3/package.bash'
[1.421s] INFO:colcon.colcon_core.shell:Creating package script '/home/kanishk/DRL_robot_navigation_ros2/install/td3/share/td3/package.zsh'
[1.421s] Level 1:colcon.colcon_core.environment:create_file_with_runtime_dependencies(/home/kanishk/DRL_robot_navigation_ros2/install/td3/share/colcon-core/packages/td3)
[2.230s] DEBUG:colcon.colcon_core.event_handler.log_command:Invoked command in '/home/kanishk/DRL_robot_navigation_ros2/build/velodyne_description' returned '0': CMAKE_PREFIX_PATH=/opt/ros/foxy /usr/bin/cmake /home/kanishk/DRL_robot_navigation_ros2/src/velodyne_simulator/velodyne_description -DCMAKE_INSTALL_PREFIX=/home/kanishk/DRL_robot_navigation_ros2/install/velodyne_description
[2.231s] DEBUG:colcon.colcon_core.event_handler.log_command:Invoking command in '/home/kanishk/DRL_robot_navigation_ros2/build/velodyne_description': CMAKE_PREFIX_PATH=/opt/ros/foxy /usr/bin/cmake --build /home/kanishk/DRL_robot_navigation_ros2/build/velodyne_description -- -j12 -l12
[2.265s] DEBUG:colcon.colcon_core.event_handler.log_command:Invoked command in '/home/kanishk/DRL_robot_navigation_ros2/build/velodyne_description' returned '0': CMAKE_PREFIX_PATH=/opt/ros/foxy /usr/bin/cmake --build /home/kanishk/DRL_robot_navigation_ros2/build/velodyne_description -- -j12 -l12
[2.284s] DEBUG:colcon.colcon_core.event_handler.log_command:Invoking command in '/home/kanishk/DRL_robot_navigation_ros2/build/velodyne_description': CMAKE_PREFIX_PATH=/opt/ros/foxy /usr/bin/cmake --install /home/kanishk/DRL_robot_navigation_ros2/build/velodyne_description
[2.369s] Level 1:colcon.colcon_core.environment:create_environment_scripts_only(velodyne_description)
[2.370s] Level 1:colcon.colcon_core.environment:checking '/home/kanishk/DRL_robot_navigation_ros2/install/velodyne_description' for CMake module files
[2.370s] DEBUG:colcon.colcon_core.event_handler.log_command:Invoked command in '/home/kanishk/DRL_robot_navigation_ros2/build/velodyne_description' returned '0': CMAKE_PREFIX_PATH=/opt/ros/foxy /usr/bin/cmake --install /home/kanishk/DRL_robot_navigation_ros2/build/velodyne_description
[2.371s] Level 1:colcon.colcon_core.environment:checking '/home/kanishk/DRL_robot_navigation_ros2/install/velodyne_description' for CMake config files
[2.371s] Level 1:colcon.colcon_core.shell:create_environment_hook('velodyne_description', 'cmake_prefix_path')
[2.371s] INFO:colcon.colcon_core.shell:Creating environment hook '/home/kanishk/DRL_robot_navigation_ros2/install/velodyne_description/share/velodyne_description/hook/cmake_prefix_path.ps1'
[2.371s] INFO:colcon.colcon_core.shell:Creating environment descriptor '/home/kanishk/DRL_robot_navigation_ros2/install/velodyne_description/share/velodyne_description/hook/cmake_prefix_path.dsv'
[2.372s] INFO:colcon.colcon_core.shell:Creating environment hook '/home/kanishk/DRL_robot_navigation_ros2/install/velodyne_description/share/velodyne_description/hook/cmake_prefix_path.sh'
[2.372s] Level 1:colcon.colcon_core.environment:checking '/home/kanishk/DRL_robot_navigation_ros2/install/velodyne_description/bin'
[2.372s] Level 1:colcon.colcon_core.environment:checking '/home/kanishk/DRL_robot_navigation_ros2/install/velodyne_description/lib/pkgconfig/velodyne_description.pc'
[2.373s] Level 1:colcon.colcon_core.environment:checking '/home/kanishk/DRL_robot_navigation_ros2/install/velodyne_description/lib/python3.8/site-packages'
[2.373s] Level 1:colcon.colcon_core.environment:checking '/home/kanishk/DRL_robot_navigation_ros2/install/velodyne_description/bin'
[2.373s] INFO:colcon.colcon_core.shell:Creating package script '/home/kanishk/DRL_robot_navigation_ros2/install/velodyne_description/share/velodyne_description/package.ps1'
[2.373s] INFO:colcon.colcon_core.shell:Creating package descriptor '/home/kanishk/DRL_robot_navigation_ros2/install/velodyne_description/share/velodyne_description/package.dsv'
[2.374s] INFO:colcon.colcon_core.shell:Creating package script '/home/kanishk/DRL_robot_navigation_ros2/install/velodyne_description/share/velodyne_description/package.sh'
[2.374s] INFO:colcon.colcon_core.shell:Creating package script '/home/kanishk/DRL_robot_navigation_ros2/install/velodyne_description/share/velodyne_description/package.bash'
[2.374s] INFO:colcon.colcon_core.shell:Creating package script '/home/kanishk/DRL_robot_navigation_ros2/install/velodyne_description/share/velodyne_description/package.zsh'
[2.375s] Level 1:colcon.colcon_core.environment:create_file_with_runtime_dependencies(/home/kanishk/DRL_robot_navigation_ros2/install/velodyne_description/share/colcon-core/packages/velodyne_description)
[2.392s] Level 1:colcon.colcon_core.environment:create_environment_scripts_only(velodyne_description)
[2.392s] Level 1:colcon.colcon_core.environment:checking '/home/kanishk/DRL_robot_navigation_ros2/install/velodyne_description' for CMake module files
[2.393s] Level 1:colcon.colcon_core.environment:checking '/home/kanishk/DRL_robot_navigation_ros2/install/velodyne_description' for CMake config files
[2.393s] Level 1:colcon.colcon_core.shell:create_environment_hook('velodyne_description', 'cmake_prefix_path')
[2.393s] INFO:colcon.colcon_core.shell:Creating environment hook '/home/kanishk/DRL_robot_navigation_ros2/install/velodyne_description/share/velodyne_description/hook/cmake_prefix_path.ps1'
[2.394s] INFO:colcon.colcon_core.shell:Creating environment descriptor '/home/kanishk/DRL_robot_navigation_ros2/install/velodyne_description/share/velodyne_description/hook/cmake_prefix_path.dsv'
[2.394s] INFO:colcon.colcon_core.shell:Creating environment hook '/home/kanishk/DRL_robot_navigation_ros2/install/velodyne_description/share/velodyne_description/hook/cmake_prefix_path.sh'
[2.395s] Level 1:colcon.colcon_core.environment:checking '/home/kanishk/DRL_robot_navigation_ros2/install/velodyne_description/bin'
[2.395s] Level 1:colcon.colcon_core.environment:checking '/home/kanishk/DRL_robot_navigation_ros2/install/velodyne_description/lib/pkgconfig/velodyne_description.pc'
[2.395s] Level 1:colcon.colcon_core.environment:checking '/home/kanishk/DRL_robot_navigation_ros2/install/velodyne_description/lib/python3.8/site-packages'
[2.395s] Level 1:colcon.colcon_core.environment:checking '/home/kanishk/DRL_robot_navigation_ros2/install/velodyne_description/bin'
[2.395s] INFO:colcon.colcon_core.shell:Creating package script '/home/kanishk/DRL_robot_navigation_ros2/install/velodyne_description/share/velodyne_description/package.ps1'
[2.396s] INFO:colcon.colcon_core.shell:Creating package descriptor '/home/kanishk/DRL_robot_navigation_ros2/install/velodyne_description/share/velodyne_description/package.dsv'
[2.396s] INFO:colcon.colcon_core.shell:Creating package script '/home/kanishk/DRL_robot_navigation_ros2/install/velodyne_description/share/velodyne_description/package.sh'
[2.397s] INFO:colcon.colcon_core.shell:Creating package script '/home/kanishk/DRL_robot_navigation_ros2/install/velodyne_description/share/velodyne_description/package.bash'
[2.397s] INFO:colcon.colcon_core.shell:Creating package script '/home/kanishk/DRL_robot_navigation_ros2/install/velodyne_description/share/velodyne_description/package.zsh'
[2.397s] Level 1:colcon.colcon_core.environment:create_file_with_runtime_dependencies(/home/kanishk/DRL_robot_navigation_ros2/install/velodyne_description/share/colcon-core/packages/velodyne_description)
[2.999s] DEBUG:colcon.colcon_core.event_handler.log_command:Invoked command in '/home/kanishk/DRL_robot_navigation_ros2/build/velodyne_gazebo_plugins' returned '0': CMAKE_PREFIX_PATH=/opt/ros/foxy /usr/bin/cmake /home/kanishk/DRL_robot_navigation_ros2/src/velodyne_simulator/velodyne_gazebo_plugins -DCMAKE_INSTALL_PREFIX=/home/kanishk/DRL_robot_navigation_ros2/install/velodyne_gazebo_plugins
[3.002s] DEBUG:colcon.colcon_core.event_handler.log_command:Invoking command in '/home/kanishk/DRL_robot_navigation_ros2/build/velodyne_gazebo_plugins': CMAKE_PREFIX_PATH=/opt/ros/foxy /usr/bin/cmake --build /home/kanishk/DRL_robot_navigation_ros2/build/velodyne_gazebo_plugins -- -j12 -l12
[14.481s] DEBUG:colcon.colcon_core.event_handler.log_command:Invoked command in '/home/kanishk/DRL_robot_navigation_ros2/build/velodyne_gazebo_plugins' returned '0': CMAKE_PREFIX_PATH=/opt/ros/foxy /usr/bin/cmake --build /home/kanishk/DRL_robot_navigation_ros2/build/velodyne_gazebo_plugins -- -j12 -l12
[14.504s] DEBUG:colcon.colcon_core.event_handler.log_command:Invoking command in '/home/kanishk/DRL_robot_navigation_ros2/build/velodyne_gazebo_plugins': CMAKE_PREFIX_PATH=/opt/ros/foxy /usr/bin/cmake --install /home/kanishk/DRL_robot_navigation_ros2/build/velodyne_gazebo_plugins
[14.516s] Level 1:colcon.colcon_core.environment:create_environment_scripts_only(velodyne_gazebo_plugins)
[14.517s] Level 1:colcon.colcon_core.environment:checking '/home/kanishk/DRL_robot_navigation_ros2/install/velodyne_gazebo_plugins' for CMake module files
[14.517s] DEBUG:colcon.colcon_core.event_handler.log_command:Invoked command in '/home/kanishk/DRL_robot_navigation_ros2/build/velodyne_gazebo_plugins' returned '0': CMAKE_PREFIX_PATH=/opt/ros/foxy /usr/bin/cmake --install /home/kanishk/DRL_robot_navigation_ros2/build/velodyne_gazebo_plugins
[14.517s] Level 1:colcon.colcon_core.environment:checking '/home/kanishk/DRL_robot_navigation_ros2/install/velodyne_gazebo_plugins' for CMake config files
[14.518s] Level 1:colcon.colcon_core.shell:create_environment_hook('velodyne_gazebo_plugins', 'cmake_prefix_path')
[14.518s] INFO:colcon.colcon_core.shell:Creating environment hook '/home/kanishk/DRL_robot_navigation_ros2/install/velodyne_gazebo_plugins/share/velodyne_gazebo_plugins/hook/cmake_prefix_path.ps1'
[14.518s] INFO:colcon.colcon_core.shell:Creating environment descriptor '/home/kanishk/DRL_robot_navigation_ros2/install/velodyne_gazebo_plugins/share/velodyne_gazebo_plugins/hook/cmake_prefix_path.dsv'
[14.519s] INFO:colcon.colcon_core.shell:Creating environment hook '/home/kanishk/DRL_robot_navigation_ros2/install/velodyne_gazebo_plugins/share/velodyne_gazebo_plugins/hook/cmake_prefix_path.sh'
[14.519s] Level 1:colcon.colcon_core.environment:checking '/home/kanishk/DRL_robot_navigation_ros2/install/velodyne_gazebo_plugins/lib'
[14.519s] Level 1:colcon.colcon_core.shell:create_environment_hook('velodyne_gazebo_plugins', 'ld_library_path_lib')
[14.519s] INFO:colcon.colcon_core.shell:Creating environment hook '/home/kanishk/DRL_robot_navigation_ros2/install/velodyne_gazebo_plugins/share/velodyne_gazebo_plugins/hook/ld_library_path_lib.ps1'
[14.520s] INFO:colcon.colcon_core.shell:Creating environment descriptor '/home/kanishk/DRL_robot_navigation_ros2/install/velodyne_gazebo_plugins/share/velodyne_gazebo_plugins/hook/ld_library_path_lib.dsv'
[14.520s] INFO:colcon.colcon_core.shell:Creating environment hook '/home/kanishk/DRL_robot_navigation_ros2/install/velodyne_gazebo_plugins/share/velodyne_gazebo_plugins/hook/ld_library_path_lib.sh'
[14.520s] Level 1:colcon.colcon_core.environment:checking '/home/kanishk/DRL_robot_navigation_ros2/install/velodyne_gazebo_plugins/bin'
[14.520s] Level 1:colcon.colcon_core.environment:checking '/home/kanishk/DRL_robot_navigation_ros2/install/velodyne_gazebo_plugins/lib/pkgconfig/velodyne_gazebo_plugins.pc'
[14.521s] Level 1:colcon.colcon_core.environment:checking '/home/kanishk/DRL_robot_navigation_ros2/install/velodyne_gazebo_plugins/lib/python3.8/site-packages'
[14.521s] Level 1:colcon.colcon_core.environment:checking '/home/kanishk/DRL_robot_navigation_ros2/install/velodyne_gazebo_plugins/bin'
[14.521s] INFO:colcon.colcon_core.shell:Creating package script '/home/kanishk/DRL_robot_navigation_ros2/install/velodyne_gazebo_plugins/share/velodyne_gazebo_plugins/package.ps1'
[14.521s] INFO:colcon.colcon_core.shell:Creating package descriptor '/home/kanishk/DRL_robot_navigation_ros2/install/velodyne_gazebo_plugins/share/velodyne_gazebo_plugins/package.dsv'
[14.522s] INFO:colcon.colcon_core.shell:Creating package script '/home/kanishk/DRL_robot_navigation_ros2/install/velodyne_gazebo_plugins/share/velodyne_gazebo_plugins/package.sh'
[14.522s] INFO:colcon.colcon_core.shell:Creating package script '/home/kanishk/DRL_robot_navigation_ros2/install/velodyne_gazebo_plugins/share/velodyne_gazebo_plugins/package.bash'
[14.522s] INFO:colcon.colcon_core.shell:Creating package script '/home/kanishk/DRL_robot_navigation_ros2/install/velodyne_gazebo_plugins/share/velodyne_gazebo_plugins/package.zsh'
[14.523s] Level 1:colcon.colcon_core.environment:create_file_with_runtime_dependencies(/home/kanishk/DRL_robot_navigation_ros2/install/velodyne_gazebo_plugins/share/colcon-core/packages/velodyne_gazebo_plugins)
[14.542s] Level 1:colcon.colcon_core.environment:create_environment_scripts_only(velodyne_gazebo_plugins)
[14.542s] Level 1:colcon.colcon_core.environment:checking '/home/kanishk/DRL_robot_navigation_ros2/install/velodyne_gazebo_plugins' for CMake module files
[14.542s] Level 1:colcon.colcon_core.environment:checking '/home/kanishk/DRL_robot_navigation_ros2/install/velodyne_gazebo_plugins' for CMake config files
[14.543s] Level 1:colcon.colcon_core.shell:create_environment_hook('velodyne_gazebo_plugins', 'cmake_prefix_path')
[14.543s] INFO:colcon.colcon_core.shell:Creating environment hook '/home/kanishk/DRL_robot_navigation_ros2/install/velodyne_gazebo_plugins/share/velodyne_gazebo_plugins/hook/cmake_prefix_path.ps1'
[14.543s] INFO:colcon.colcon_core.shell:Creating environment descriptor '/home/kanishk/DRL_robot_navigation_ros2/install/velodyne_gazebo_plugins/share/velodyne_gazebo_plugins/hook/cmake_prefix_path.dsv'
[14.544s] INFO:colcon.colcon_core.shell:Creating environment hook '/home/kanishk/DRL_robot_navigation_ros2/install/velodyne_gazebo_plugins/share/velodyne_gazebo_plugins/hook/cmake_prefix_path.sh'
[14.544s] Level 1:colcon.colcon_core.environment:checking '/home/kanishk/DRL_robot_navigation_ros2/install/velodyne_gazebo_plugins/lib'
[14.544s] Level 1:colcon.colcon_core.shell:create_environment_hook('velodyne_gazebo_plugins', 'ld_library_path_lib')
[14.545s] INFO:colcon.colcon_core.shell:Creating environment hook '/home/kanishk/DRL_robot_navigation_ros2/install/velodyne_gazebo_plugins/share/velodyne_gazebo_plugins/hook/ld_library_path_lib.ps1'
[14.545s] INFO:colcon.colcon_core.shell:Creating environment descriptor '/home/kanishk/DRL_robot_navigation_ros2/install/velodyne_gazebo_plugins/share/velodyne_gazebo_plugins/hook/ld_library_path_lib.dsv'
[14.545s] INFO:colcon.colcon_core.shell:Creating environment hook '/home/kanishk/DRL_robot_navigation_ros2/install/velodyne_gazebo_plugins/share/velodyne_gazebo_plugins/hook/ld_library_path_lib.sh'
[14.545s] Level 1:colcon.colcon_core.environment:checking '/home/kanishk/DRL_robot_navigation_ros2/install/velodyne_gazebo_plugins/bin'
[14.546s] Level 1:colcon.colcon_core.environment:checking '/home/kanishk/DRL_robot_navigation_ros2/install/velodyne_gazebo_plugins/lib/pkgconfig/velodyne_gazebo_plugins.pc'
[14.546s] Level 1:colcon.colcon_core.environment:checking '/home/kanishk/DRL_robot_navigation_ros2/install/velodyne_gazebo_plugins/lib/python3.8/site-packages'
[14.546s] Level 1:colcon.colcon_core.environment:checking '/home/kanishk/DRL_robot_navigation_ros2/install/velodyne_gazebo_plugins/bin'
[14.546s] INFO:colcon.colcon_core.shell:Creating package script '/home/kanishk/DRL_robot_navigation_ros2/install/velodyne_gazebo_plugins/share/velodyne_gazebo_plugins/package.ps1'
[14.547s] INFO:colcon.colcon_core.shell:Creating package descriptor '/home/kanishk/DRL_robot_navigation_ros2/install/velodyne_gazebo_plugins/share/velodyne_gazebo_plugins/package.dsv'
[14.547s] INFO:colcon.colcon_core.shell:Creating package script '/home/kanishk/DRL_robot_navigation_ros2/install/velodyne_gazebo_plugins/share/velodyne_gazebo_plugins/package.sh'
[14.548s] INFO:colcon.colcon_core.shell:Creating package script '/home/kanishk/DRL_robot_navigation_ros2/install/velodyne_gazebo_plugins/share/velodyne_gazebo_plugins/package.bash'
[14.548s] INFO:colcon.colcon_core.shell:Creating package script '/home/kanishk/DRL_robot_navigation_ros2/install/velodyne_gazebo_plugins/share/velodyne_gazebo_plugins/package.zsh'
[14.548s] Level 1:colcon.colcon_core.environment:create_file_with_runtime_dependencies(/home/kanishk/DRL_robot_navigation_ros2/install/velodyne_gazebo_plugins/share/colcon-core/packages/velodyne_gazebo_plugins)
[14.549s] INFO:colcon.colcon_ros.task.ament_cmake.build:Building ROS package in '/home/kanishk/DRL_robot_navigation_ros2/src/velodyne_simulator/velodyne_simulator' with build type 'ament_cmake'
[14.549s] INFO:colcon.colcon_cmake.task.cmake.build:Building CMake package in '/home/kanishk/DRL_robot_navigation_ros2/src/velodyne_simulator/velodyne_simulator'
[14.549s] INFO:colcon.colcon_core.shell:Skip shell extension 'powershell' for command environment: Not usable outside of PowerShell
[14.549s] DEBUG:colcon.colcon_core.shell:Skip shell extension 'dsv' for command environment
[14.558s] DEBUG:colcon.colcon_core.event_handler.log_command:Invoking command in '/home/kanishk/DRL_robot_navigation_ros2/build/velodyne_simulator': AMENT_PREFIX_PATH=/home/kanishk/DRL_robot_navigation_ros2/install/velodyne_gazebo_plugins:/home/kanishk/DRL_robot_navigation_ros2/install/velodyne_description:${AMENT_PREFIX_PATH} CMAKE_PREFIX_PATH=/home/kanishk/DRL_robot_navigation_ros2/install/velodyne_gazebo_plugins:/home/kanishk/DRL_robot_navigation_ros2/install/velodyne_description:/opt/ros/foxy LD_LIBRARY_PATH=/home/kanishk/DRL_robot_navigation_ros2/install/velodyne_gazebo_plugins/lib:${LD_LIBRARY_PATH} /usr/bin/cmake /home/kanishk/DRL_robot_navigation_ros2/src/velodyne_simulator/velodyne_simulator -DCMAKE_INSTALL_PREFIX=/home/kanishk/DRL_robot_navigation_ros2/install/velodyne_simulator
[15.249s] DEBUG:colcon.colcon_core.event_handler.log_command:Invoked command in '/home/kanishk/DRL_robot_navigation_ros2/build/velodyne_simulator' returned '0': AMENT_PREFIX_PATH=/home/kanishk/DRL_robot_navigation_ros2/install/velodyne_gazebo_plugins:/home/kanishk/DRL_robot_navigation_ros2/install/velodyne_description:${AMENT_PREFIX_PATH} CMAKE_PREFIX_PATH=/home/kanishk/DRL_robot_navigation_ros2/install/velodyne_gazebo_plugins:/home/kanishk/DRL_robot_navigation_ros2/install/velodyne_description:/opt/ros/foxy LD_LIBRARY_PATH=/home/kanishk/DRL_robot_navigation_ros2/install/velodyne_gazebo_plugins/lib:${LD_LIBRARY_PATH} /usr/bin/cmake /home/kanishk/DRL_robot_navigation_ros2/src/velodyne_simulator/velodyne_simulator -DCMAKE_INSTALL_PREFIX=/home/kanishk/DRL_robot_navigation_ros2/install/velodyne_simulator
[15.251s] DEBUG:colcon.colcon_core.event_handler.log_command:Invoking command in '/home/kanishk/DRL_robot_navigation_ros2/build/velodyne_simulator': AMENT_PREFIX_PATH=/home/kanishk/DRL_robot_navigation_ros2/install/velodyne_gazebo_plugins:/home/kanishk/DRL_robot_navigation_ros2/install/velodyne_description:${AMENT_PREFIX_PATH} CMAKE_PREFIX_PATH=/home/kanishk/DRL_robot_navigation_ros2/install/velodyne_gazebo_plugins:/home/kanishk/DRL_robot_navigation_ros2/install/velodyne_description:/opt/ros/foxy LD_LIBRARY_PATH=/home/kanishk/DRL_robot_navigation_ros2/install/velodyne_gazebo_plugins/lib:${LD_LIBRARY_PATH} /usr/bin/cmake --build /home/kanishk/DRL_robot_navigation_ros2/build/velodyne_simulator -- -j12 -l12
[15.283s] DEBUG:colcon.colcon_core.event_handler.log_command:Invoked command in '/home/kanishk/DRL_robot_navigation_ros2/build/velodyne_simulator' returned '0': AMENT_PREFIX_PATH=/home/kanishk/DRL_robot_navigation_ros2/install/velodyne_gazebo_plugins:/home/kanishk/DRL_robot_navigation_ros2/install/velodyne_description:${AMENT_PREFIX_PATH} CMAKE_PREFIX_PATH=/home/kanishk/DRL_robot_navigation_ros2/install/velodyne_gazebo_plugins:/home/kanishk/DRL_robot_navigation_ros2/install/velodyne_description:/opt/ros/foxy LD_LIBRARY_PATH=/home/kanishk/DRL_robot_navigation_ros2/install/velodyne_gazebo_plugins/lib:${LD_LIBRARY_PATH} /usr/bin/cmake --build /home/kanishk/DRL_robot_navigation_ros2/build/velodyne_simulator -- -j12 -l12
[15.304s] DEBUG:colcon.colcon_core.event_handler.log_command:Invoking command in '/home/kanishk/DRL_robot_navigation_ros2/build/velodyne_simulator': AMENT_PREFIX_PATH=/home/kanishk/DRL_robot_navigation_ros2/install/velodyne_gazebo_plugins:/home/kanishk/DRL_robot_navigation_ros2/install/velodyne_description:${AMENT_PREFIX_PATH} CMAKE_PREFIX_PATH=/home/kanishk/DRL_robot_navigation_ros2/install/velodyne_gazebo_plugins:/home/kanishk/DRL_robot_navigation_ros2/install/velodyne_description:/opt/ros/foxy LD_LIBRARY_PATH=/home/kanishk/DRL_robot_navigation_ros2/install/velodyne_gazebo_plugins/lib:${LD_LIBRARY_PATH} /usr/bin/cmake --install /home/kanishk/DRL_robot_navigation_ros2/build/velodyne_simulator
[15.319s] Level 1:colcon.colcon_core.environment:create_environment_scripts_only(velodyne_simulator)
[15.319s] DEBUG:colcon.colcon_core.event_handler.log_command:Invoked command in '/home/kanishk/DRL_robot_navigation_ros2/build/velodyne_simulator' returned '0': AMENT_PREFIX_PATH=/home/kanishk/DRL_robot_navigation_ros2/install/velodyne_gazebo_plugins:/home/kanishk/DRL_robot_navigation_ros2/install/velodyne_description:${AMENT_PREFIX_PATH} CMAKE_PREFIX_PATH=/home/kanishk/DRL_robot_navigation_ros2/install/velodyne_gazebo_plugins:/home/kanishk/DRL_robot_navigation_ros2/install/velodyne_description:/opt/ros/foxy LD_LIBRARY_PATH=/home/kanishk/DRL_robot_navigation_ros2/install/velodyne_gazebo_plugins/lib:${LD_LIBRARY_PATH} /usr/bin/cmake --install /home/kanishk/DRL_robot_navigation_ros2/build/velodyne_simulator
[15.320s] Level 1:colcon.colcon_core.environment:checking '/home/kanishk/DRL_robot_navigation_ros2/install/velodyne_simulator' for CMake module files
[15.321s] Level 1:colcon.colcon_core.environment:checking '/home/kanishk/DRL_robot_navigation_ros2/install/velodyne_simulator' for CMake config files
[15.321s] Level 1:colcon.colcon_core.shell:create_environment_hook('velodyne_simulator', 'cmake_prefix_path')
[15.321s] INFO:colcon.colcon_core.shell:Creating environment hook '/home/kanishk/DRL_robot_navigation_ros2/install/velodyne_simulator/share/velodyne_simulator/hook/cmake_prefix_path.ps1'
[15.322s] INFO:colcon.colcon_core.shell:Creating environment descriptor '/home/kanishk/DRL_robot_navigation_ros2/install/velodyne_simulator/share/velodyne_simulator/hook/cmake_prefix_path.dsv'
[15.323s] INFO:colcon.colcon_core.shell:Creating environment hook '/home/kanishk/DRL_robot_navigation_ros2/install/velodyne_simulator/share/velodyne_simulator/hook/cmake_prefix_path.sh'
[15.323s] Level 1:colcon.colcon_core.environment:checking '/home/kanishk/DRL_robot_navigation_ros2/install/velodyne_simulator/bin'
[15.323s] Level 1:colcon.colcon_core.environment:checking '/home/kanishk/DRL_robot_navigation_ros2/install/velodyne_simulator/lib/pkgconfig/velodyne_simulator.pc'
[15.324s] Level 1:colcon.colcon_core.environment:checking '/home/kanishk/DRL_robot_navigation_ros2/install/velodyne_simulator/lib/python3.8/site-packages'
[15.324s] Level 1:colcon.colcon_core.environment:checking '/home/kanishk/DRL_robot_navigation_ros2/install/velodyne_simulator/bin'
[15.324s] INFO:colcon.colcon_core.shell:Creating package script '/home/kanishk/DRL_robot_navigation_ros2/install/velodyne_simulator/share/velodyne_simulator/package.ps1'
[15.325s] INFO:colcon.colcon_core.shell:Creating package descriptor '/home/kanishk/DRL_robot_navigation_ros2/install/velodyne_simulator/share/velodyne_simulator/package.dsv'
[15.326s] INFO:colcon.colcon_core.shell:Creating package script '/home/kanishk/DRL_robot_navigation_ros2/install/velodyne_simulator/share/velodyne_simulator/package.sh'
[15.326s] INFO:colcon.colcon_core.shell:Creating package script '/home/kanishk/DRL_robot_navigation_ros2/install/velodyne_simulator/share/velodyne_simulator/package.bash'
[15.327s] INFO:colcon.colcon_core.shell:Creating package script '/home/kanishk/DRL_robot_navigation_ros2/install/velodyne_simulator/share/velodyne_simulator/package.zsh'
[15.327s] Level 1:colcon.colcon_core.environment:create_file_with_runtime_dependencies(/home/kanishk/DRL_robot_navigation_ros2/install/velodyne_simulator/share/colcon-core/packages/velodyne_simulator)
[15.353s] Level 1:colcon.colcon_core.environment:create_environment_scripts_only(velodyne_simulator)
[15.353s] Level 1:colcon.colcon_core.environment:checking '/home/kanishk/DRL_robot_navigation_ros2/install/velodyne_simulator' for CMake module files
[15.354s] Level 1:colcon.colcon_core.environment:checking '/home/kanishk/DRL_robot_navigation_ros2/install/velodyne_simulator' for CMake config files
[15.355s] Level 1:colcon.colcon_core.shell:create_environment_hook('velodyne_simulator', 'cmake_prefix_path')
[15.355s] INFO:colcon.colcon_core.shell:Creating environment hook '/home/kanishk/DRL_robot_navigation_ros2/install/velodyne_simulator/share/velodyne_simulator/hook/cmake_prefix_path.ps1'
[15.356s] INFO:colcon.colcon_core.shell:Creating environment descriptor '/home/kanishk/DRL_robot_navigation_ros2/install/velodyne_simulator/share/velodyne_simulator/hook/cmake_prefix_path.dsv'
[15.357s] INFO:colcon.colcon_core.shell:Creating environment hook '/home/kanishk/DRL_robot_navigation_ros2/install/velodyne_simulator/share/velodyne_simulator/hook/cmake_prefix_path.sh'
[15.359s] Level 1:colcon.colcon_core.environment:checking '/home/kanishk/DRL_robot_navigation_ros2/install/velodyne_simulator/bin'
[15.359s] Level 1:colcon.colcon_core.environment:checking '/home/kanishk/DRL_robot_navigation_ros2/install/velodyne_simulator/lib/pkgconfig/velodyne_simulator.pc'
[15.359s] Level 1:colcon.colcon_core.environment:checking '/home/kanishk/DRL_robot_navigation_ros2/install/velodyne_simulator/lib/python3.8/site-packages'
[15.360s] Level 1:colcon.colcon_core.environment:checking '/home/kanishk/DRL_robot_navigation_ros2/install/velodyne_simulator/bin'
[15.360s] INFO:colcon.colcon_core.shell:Creating package script '/home/kanishk/DRL_robot_navigation_ros2/install/velodyne_simulator/share/velodyne_simulator/package.ps1'
[15.362s] INFO:colcon.colcon_core.shell:Creating package descriptor '/home/kanishk/DRL_robot_navigation_ros2/install/velodyne_simulator/share/velodyne_simulator/package.dsv'
[15.363s] INFO:colcon.colcon_core.shell:Creating package script '/home/kanishk/DRL_robot_navigation_ros2/install/velodyne_simulator/share/velodyne_simulator/package.sh'
[15.364s] INFO:colcon.colcon_core.shell:Creating package script '/home/kanishk/DRL_robot_navigation_ros2/install/velodyne_simulator/share/velodyne_simulator/package.bash'
[15.365s] INFO:colcon.colcon_core.shell:Creating package script '/home/kanishk/DRL_robot_navigation_ros2/install/velodyne_simulator/share/velodyne_simulator/package.zsh'
[15.366s] Level 1:colcon.colcon_core.environment:create_file_with_runtime_dependencies(/home/kanishk/DRL_robot_navigation_ros2/install/velodyne_simulator/share/colcon-core/packages/velodyne_simulator)
[15.366s] DEBUG:colcon.colcon_parallel_executor.executor.parallel:closing loop
[15.367s] DEBUG:colcon.colcon_parallel_executor.executor.parallel:loop closed
[15.367s] DEBUG:colcon.colcon_parallel_executor.executor.parallel:run_until_complete finished with '0'
[15.367s] DEBUG:colcon.colcon_core.event_reactor:joining thread
[15.381s] INFO:colcon.colcon_core.plugin_system:Skipping extension 'colcon_notification.desktop_notification.terminal_notifier': Not used on non-Darwin systems
[15.381s] INFO:colcon.colcon_core.plugin_system:Skipping extension 'colcon_notification.desktop_notification.win32': Not used on non-Windows systems
[15.381s] INFO:colcon.colcon_notification.desktop_notification:Sending desktop notification using 'notify2'
[15.413s] DEBUG:colcon.colcon_core.event_reactor:joined thread
[15.413s] INFO:colcon.colcon_core.shell:Creating prefix script '/home/kanishk/DRL_robot_navigation_ros2/install/local_setup.ps1'
[15.415s] INFO:colcon.colcon_core.shell:Creating prefix util module '/home/kanishk/DRL_robot_navigation_ros2/install/_local_setup_util_ps1.py'
[15.417s] INFO:colcon.colcon_core.shell:Creating prefix chain script '/home/kanishk/DRL_robot_navigation_ros2/install/setup.ps1'
[15.419s] INFO:colcon.colcon_core.shell:Creating prefix script '/home/kanishk/DRL_robot_navigation_ros2/install/local_setup.sh'
[15.420s] INFO:colcon.colcon_core.shell:Creating prefix util module '/home/kanishk/DRL_robot_navigation_ros2/install/_local_setup_util_sh.py'
[15.420s] INFO:colcon.colcon_core.shell:Creating prefix chain script '/home/kanishk/DRL_robot_navigation_ros2/install/setup.sh'
[15.422s] INFO:colcon.colcon_core.shell:Creating prefix script '/home/kanishk/DRL_robot_navigation_ros2/install/local_setup.bash'
[15.422s] INFO:colcon.colcon_core.shell:Creating prefix chain script '/home/kanishk/DRL_robot_navigation_ros2/install/setup.bash'
[15.424s] INFO:colcon.colcon_core.shell:Creating prefix script '/home/kanishk/DRL_robot_navigation_ros2/install/local_setup.zsh'
[15.424s] INFO:colcon.colcon_core.shell:Creating prefix chain script '/home/kanishk/DRL_robot_navigation_ros2/install/setup.zsh'
