[0.250s] Invoking command in '/home/kanishk/DRL_robot_navigation_ros2/build/td3': /usr/bin/cmake --build /home/kanishk/DRL_robot_navigation_ros2/build/td3 -- -j12 -l12
[0.285s] Invoked command in '/home/kanishk/DRL_robot_navigation_ros2/build/td3' returned '0': /usr/bin/cmake --build /home/kanishk/DRL_robot_navigation_ros2/build/td3 -- -j12 -l12
[0.317s] Invoking command in '/home/kanishk/DRL_robot_navigation_ros2/build/td3': /usr/bin/cmake --install /home/kanishk/DRL_robot_navigation_ros2/build/td3
[0.324s] -- Install configuration: ""
[0.324s] -- Up-to-date: /home/kanishk/DRL_robot_navigation_ros2/install/td3/share/td3//launch
[0.325s] -- Up-to-date: /home/kanishk/DRL_robot_navigation_ros2/install/td3/share/td3//launch/test_simulation.launch.py
[0.325s] -- Up-to-date: /home/kanishk/DRL_robot_navigation_ros2/install/td3/share/td3//launch/multi_robot_scenario.launch.py
[0.325s] -- Up-to-date: /home/kanishk/DRL_robot_navigation_ros2/install/td3/share/td3//launch/robot_state_publisher.launch.py
[0.325s] -- Up-to-date: /home/kanishk/DRL_robot_navigation_ros2/install/td3/share/td3//launch/pioneer3dx.rviz
[0.325s] -- Up-to-date: /home/kanishk/DRL_robot_navigation_ros2/install/td3/share/td3//launch/training_simulation.launch.py
[0.325s] -- Up-to-date: /home/kanishk/DRL_robot_navigation_ros2/install/td3/share/td3//models
[0.326s] -- Up-to-date: /home/kanishk/DRL_robot_navigation_ros2/install/td3/share/td3//models/td_robot
[0.326s] -- Up-to-date: /home/kanishk/DRL_robot_navigation_ros2/install/td3/share/td3//models/td_robot/td_robot.sdf
[0.326s] -- Up-to-date: /home/kanishk/DRL_robot_navigation_ros2/install/td3/share/td3//models/td_robot/model.config
[0.326s] -- Up-to-date: /home/kanishk/DRL_robot_navigation_ros2/install/td3/share/td3//models/td_robot/meshes
[0.326s] -- Up-to-date: /home/kanishk/DRL_robot_navigation_ros2/install/td3/share/td3//models/td_robot/meshes/p3dx
[0.326s] -- Up-to-date: /home/kanishk/DRL_robot_navigation_ros2/install/td3/share/td3//models/td_robot/meshes/p3dx/back_rim.stl
[0.326s] -- Up-to-date: /home/kanishk/DRL_robot_navigation_ros2/install/td3/share/td3//models/td_robot/meshes/p3dx/chassis.stl
[0.326s] -- Up-to-date: /home/kanishk/DRL_robot_navigation_ros2/install/td3/share/td3//models/td_robot/meshes/p3dx/front_rim.stl
[0.326s] -- Up-to-date: /home/kanishk/DRL_robot_navigation_ros2/install/td3/share/td3//models/td_robot/meshes/p3dx/left_wheel.stl
[0.327s] -- Up-to-date: /home/kanishk/DRL_robot_navigation_ros2/install/td3/share/td3//models/td_robot/meshes/p3dx/swivel.stl
[0.327s] -- Up-to-date: /home/kanishk/DRL_robot_navigation_ros2/install/td3/share/td3//models/td_robot/meshes/p3dx/front_sonar.stl
[0.327s] -- Up-to-date: /home/kanishk/DRL_robot_navigation_ros2/install/td3/share/td3//models/td_robot/meshes/p3dx/right_wheel.stl
[0.327s] -- Up-to-date: /home/kanishk/DRL_robot_navigation_ros2/install/td3/share/td3//models/td_robot/meshes/p3dx/Coordinates
[0.327s] -- Up-to-date: /home/kanishk/DRL_robot_navigation_ros2/install/td3/share/td3//models/td_robot/meshes/p3dx/center_hubcap.stl
[0.327s] -- Up-to-date: /home/kanishk/DRL_robot_navigation_ros2/install/td3/share/td3//models/td_robot/meshes/p3dx/left_hubcap.stl
[0.327s] -- Up-to-date: /home/kanishk/DRL_robot_navigation_ros2/install/td3/share/td3//models/td_robot/meshes/p3dx/back_sonar.stl
[0.327s] -- Up-to-date: /home/kanishk/DRL_robot_navigation_ros2/install/td3/share/td3//models/td_robot/meshes/p3dx/center_wheel.stl
[0.327s] -- Up-to-date: /home/kanishk/DRL_robot_navigation_ros2/install/td3/share/td3//models/td_robot/meshes/p3dx/top.stl
[0.327s] -- Up-to-date: /home/kanishk/DRL_robot_navigation_ros2/install/td3/share/td3//models/td_robot/meshes/p3dx/right_hubcap.stl
[0.327s] -- Up-to-date: /home/kanishk/DRL_robot_navigation_ros2/install/td3/share/td3//models/td_robot/meshes/laser
[0.327s] -- Up-to-date: /home/kanishk/DRL_robot_navigation_ros2/install/td3/share/td3//models/td_robot/meshes/laser/hokuyo.dae
[0.328s] -- Up-to-date: /home/kanishk/DRL_robot_navigation_ros2/install/td3/share/td3//models/td_robot/velodyne_description
[0.328s] -- Up-to-date: /home/kanishk/DRL_robot_navigation_ros2/install/td3/share/td3//models/td_robot/velodyne_description/CMakeLists.txt
[0.329s] -- Up-to-date: /home/kanishk/DRL_robot_navigation_ros2/install/td3/share/td3//models/td_robot/velodyne_description/rviz
[0.330s] -- Up-to-date: /home/kanishk/DRL_robot_navigation_ros2/install/td3/share/td3//models/td_robot/velodyne_description/rviz/example.rviz
[0.330s] -- Up-to-date: /home/kanishk/DRL_robot_navigation_ros2/install/td3/share/td3//models/td_robot/velodyne_description/world
[0.331s] -- Up-to-date: /home/kanishk/DRL_robot_navigation_ros2/install/td3/share/td3//models/td_robot/velodyne_description/world/example.world
[0.331s] -- Up-to-date: /home/kanishk/DRL_robot_navigation_ros2/install/td3/share/td3//models/td_robot/velodyne_description/world/lio_sam.model
[0.331s] -- Up-to-date: /home/kanishk/DRL_robot_navigation_ros2/install/td3/share/td3//models/td_robot/velodyne_description/launch
[0.331s] -- Up-to-date: /home/kanishk/DRL_robot_navigation_ros2/install/td3/share/td3//models/td_robot/velodyne_description/launch/example-launch.py
[0.332s] -- Up-to-date: /home/kanishk/DRL_robot_navigation_ros2/install/td3/share/td3//models/td_robot/velodyne_description/urdf
[0.332s] -- Up-to-date: /home/kanishk/DRL_robot_navigation_ros2/install/td3/share/td3//models/td_robot/velodyne_description/urdf/HDL-32E.urdf.xacro
[0.332s] -- Up-to-date: /home/kanishk/DRL_robot_navigation_ros2/install/td3/share/td3//models/td_robot/velodyne_description/urdf/example.urdf.xacro
[0.333s] -- Up-to-date: /home/kanishk/DRL_robot_navigation_ros2/install/td3/share/td3//models/td_robot/velodyne_description/urdf/VLP-32C.urdf.xacro
[0.333s] -- Up-to-date: /home/kanishk/DRL_robot_navigation_ros2/install/td3/share/td3//models/td_robot/velodyne_description/urdf/VLP-16.urdf.xacro
[0.333s] -- Up-to-date: /home/kanishk/DRL_robot_navigation_ros2/install/td3/share/td3//models/td_robot/velodyne_description/models
[0.333s] -- Up-to-date: /home/kanishk/DRL_robot_navigation_ros2/install/td3/share/td3//models/td_robot/velodyne_description/models/rs_robot
[0.333s] -- Up-to-date: /home/kanishk/DRL_robot_navigation_ros2/install/td3/share/td3//models/td_robot/velodyne_description/models/rs_robot/rs_robot.sdf
[0.333s] -- Up-to-date: /home/kanishk/DRL_robot_navigation_ros2/install/td3/share/td3//models/td_robot/velodyne_description/models/rs_robot/model.config
[0.333s] -- Up-to-date: /home/kanishk/DRL_robot_navigation_ros2/install/td3/share/td3//models/td_robot/velodyne_description/models/rs_robot/meshes
[0.333s] -- Up-to-date: /home/kanishk/DRL_robot_navigation_ros2/install/td3/share/td3//models/td_robot/velodyne_description/models/rs_robot/meshes/STL
[0.333s] -- Up-to-date: /home/kanishk/DRL_robot_navigation_ros2/install/td3/share/td3//models/td_robot/velodyne_description/models/rs_robot/meshes/STL/suspension
[0.333s] -- Up-to-date: /home/kanishk/DRL_robot_navigation_ros2/install/td3/share/td3//models/td_robot/velodyne_description/models/rs_robot/meshes/STL/suspension/REAR_RIGHT_LINKSTL.stl
[0.333s] -- Up-to-date: /home/kanishk/DRL_robot_navigation_ros2/install/td3/share/td3//models/td_robot/velodyne_description/models/rs_robot/meshes/STL/suspension/sus_link.stl
[0.334s] -- Up-to-date: /home/kanishk/DRL_robot_navigation_ros2/install/td3/share/td3//models/td_robot/velodyne_description/models/rs_robot/meshes/STL/suspension/REAR_LEFT_LINKSTL.stl
[0.334s] -- Up-to-date: /home/kanishk/DRL_robot_navigation_ros2/install/td3/share/td3//models/td_robot/velodyne_description/models/rs_robot/meshes/STL/suspension/FRONT_RIGHT_LINKSTL.stl
[0.334s] -- Up-to-date: /home/kanishk/DRL_robot_navigation_ros2/install/td3/share/td3//models/td_robot/velodyne_description/models/rs_robot/meshes/STL/suspension/FRONT_LEFT_LINKSTL.stl
[0.334s] -- Up-to-date: /home/kanishk/DRL_robot_navigation_ros2/install/td3/share/td3//models/td_robot/velodyne_description/models/rs_robot/meshes/STL/sensors
[0.334s] -- Up-to-date: /home/kanishk/DRL_robot_navigation_ros2/install/td3/share/td3//models/td_robot/velodyne_description/models/rs_robot/meshes/STL/sensors/gps
[0.334s] -- Up-to-date: /home/kanishk/DRL_robot_navigation_ros2/install/td3/share/td3//models/td_robot/velodyne_description/models/rs_robot/meshes/STL/sensors/gps/gps.stl
[0.334s] -- Up-to-date: /home/kanishk/DRL_robot_navigation_ros2/install/td3/share/td3//models/td_robot/velodyne_description/models/rs_robot/meshes/STL/sensors/camera
[0.334s] -- Up-to-date: /home/kanishk/DRL_robot_navigation_ros2/install/td3/share/td3//models/td_robot/velodyne_description/models/rs_robot/meshes/STL/sensors/front_lrf
[0.334s] -- Up-to-date: /home/kanishk/DRL_robot_navigation_ros2/install/td3/share/td3//models/td_robot/velodyne_description/models/rs_robot/meshes/STL/sensors/front_lrf/front_lrf.stl
[0.334s] -- Up-to-date: /home/kanishk/DRL_robot_navigation_ros2/install/td3/share/td3//models/td_robot/velodyne_description/models/rs_robot/meshes/STL/sensors/rear_lrf
[0.334s] -- Up-to-date: /home/kanishk/DRL_robot_navigation_ros2/install/td3/share/td3//models/td_robot/velodyne_description/models/rs_robot/meshes/STL/sensors/rear_lrf/rear_lrf.stl
[0.334s] -- Up-to-date: /home/kanishk/DRL_robot_navigation_ros2/install/td3/share/td3//models/td_robot/velodyne_description/models/rs_robot/meshes/STL/sensors/gim30
[0.335s] -- Up-to-date: /home/kanishk/DRL_robot_navigation_ros2/install/td3/share/td3//models/td_robot/velodyne_description/models/rs_robot/meshes/STL/sensors/gim30/gim30.stl
[0.335s] -- Up-to-date: /home/kanishk/DRL_robot_navigation_ros2/install/td3/share/td3//models/td_robot/velodyne_description/models/rs_robot/meshes/STL/base
[0.335s] -- Up-to-date: /home/kanishk/DRL_robot_navigation_ros2/install/td3/share/td3//models/td_robot/velodyne_description/models/rs_robot/meshes/STL/base/base_link_old.stl
[0.335s] -- Up-to-date: /home/kanishk/DRL_robot_navigation_ros2/install/td3/share/td3//models/td_robot/velodyne_description/models/rs_robot/meshes/STL/base/base_link.stl
[0.335s] -- Up-to-date: /home/kanishk/DRL_robot_navigation_ros2/install/td3/share/td3//models/td_robot/velodyne_description/models/rs_robot/meshes/STL/wheel
[0.335s] -- Up-to-date: /home/kanishk/DRL_robot_navigation_ros2/install/td3/share/td3//models/td_robot/velodyne_description/models/rs_robot/meshes/STL/wheel/robot_wheel.stl
[0.335s] -- Up-to-date: /home/kanishk/DRL_robot_navigation_ros2/install/td3/share/td3//models/td_robot/velodyne_description/models/rs_robot/meshes/STL/lidar_head
[0.335s] -- Up-to-date: /home/kanishk/DRL_robot_navigation_ros2/install/td3/share/td3//models/td_robot/velodyne_description/models/rs_robot/meshes/STL/lidar_head/YDlidar_head v4.stl
[0.335s] -- Up-to-date: /home/kanishk/DRL_robot_navigation_ros2/install/td3/share/td3//models/td_robot/velodyne_description/models/rs_robot/meshes/STL/lidar_base
[0.335s] -- Up-to-date: /home/kanishk/DRL_robot_navigation_ros2/install/td3/share/td3//models/td_robot/velodyne_description/models/rs_robot/meshes/STL/lidar_base/YDlidar_base.stl
[0.335s] -- Up-to-date: /home/kanishk/DRL_robot_navigation_ros2/install/td3/share/td3//models/td_robot/velodyne_description/models/rs_robot/meshes/DAE
[0.335s] -- Up-to-date: /home/kanishk/DRL_robot_navigation_ros2/install/td3/share/td3//models/td_robot/velodyne_description/models/rs_robot/meshes/DAE/suspension
[0.335s] -- Up-to-date: /home/kanishk/DRL_robot_navigation_ros2/install/td3/share/td3//models/td_robot/velodyne_description/models/rs_robot/meshes/DAE/suspension/rear_right_link.dae
[0.335s] -- Up-to-date: /home/kanishk/DRL_robot_navigation_ros2/install/td3/share/td3//models/td_robot/velodyne_description/models/rs_robot/meshes/DAE/suspension/rear_left_link.dae
[0.335s] -- Up-to-date: /home/kanishk/DRL_robot_navigation_ros2/install/td3/share/td3//models/td_robot/velodyne_description/models/rs_robot/meshes/DAE/suspension/front_left_link.dae
[0.336s] -- Up-to-date: /home/kanishk/DRL_robot_navigation_ros2/install/td3/share/td3//models/td_robot/velodyne_description/models/rs_robot/meshes/DAE/suspension/front_right_link.dae
[0.336s] -- Up-to-date: /home/kanishk/DRL_robot_navigation_ros2/install/td3/share/td3//models/td_robot/velodyne_description/models/rs_robot/meshes/DAE/sensors
[0.336s] -- Up-to-date: /home/kanishk/DRL_robot_navigation_ros2/install/td3/share/td3//models/td_robot/velodyne_description/models/rs_robot/meshes/DAE/sensors/gps
[0.336s] -- Up-to-date: /home/kanishk/DRL_robot_navigation_ros2/install/td3/share/td3//models/td_robot/velodyne_description/models/rs_robot/meshes/DAE/sensors/gps/gps_texture.png
[0.336s] -- Up-to-date: /home/kanishk/DRL_robot_navigation_ros2/install/td3/share/td3//models/td_robot/velodyne_description/models/rs_robot/meshes/DAE/sensors/gps/gps.dae
[0.336s] -- Up-to-date: /home/kanishk/DRL_robot_navigation_ros2/install/td3/share/td3//models/td_robot/velodyne_description/models/rs_robot/meshes/DAE/sensors/camera
[0.336s] -- Up-to-date: /home/kanishk/DRL_robot_navigation_ros2/install/td3/share/td3//models/td_robot/velodyne_description/models/rs_robot/meshes/DAE/sensors/camera/camera.dae
[0.336s] -- Up-to-date: /home/kanishk/DRL_robot_navigation_ros2/install/td3/share/td3//models/td_robot/velodyne_description/models/rs_robot/meshes/DAE/sensors/front_lrf
[0.336s] -- Up-to-date: /home/kanishk/DRL_robot_navigation_ros2/install/td3/share/td3//models/td_robot/velodyne_description/models/rs_robot/meshes/DAE/sensors/front_lrf/lrf_texture.png
[0.336s] -- Up-to-date: /home/kanishk/DRL_robot_navigation_ros2/install/td3/share/td3//models/td_robot/velodyne_description/models/rs_robot/meshes/DAE/sensors/front_lrf/front_lrf.dae
[0.336s] -- Up-to-date: /home/kanishk/DRL_robot_navigation_ros2/install/td3/share/td3//models/td_robot/velodyne_description/models/rs_robot/meshes/DAE/sensors/rear_lrf
[0.336s] -- Up-to-date: /home/kanishk/DRL_robot_navigation_ros2/install/td3/share/td3//models/td_robot/velodyne_description/models/rs_robot/meshes/DAE/sensors/rear_lrf/rear_lrf.dae
[0.336s] -- Up-to-date: /home/kanishk/DRL_robot_navigation_ros2/install/td3/share/td3//models/td_robot/velodyne_description/models/rs_robot/meshes/DAE/sensors/rear_lrf/urg_texture.png
[0.336s] -- Up-to-date: /home/kanishk/DRL_robot_navigation_ros2/install/td3/share/td3//models/td_robot/velodyne_description/models/rs_robot/meshes/DAE/sensors/gim30
[0.336s] -- Up-to-date: /home/kanishk/DRL_robot_navigation_ros2/install/td3/share/td3//models/td_robot/velodyne_description/models/rs_robot/meshes/DAE/sensors/gim30/gim30_lrf_texture.png
[0.337s] -- Up-to-date: /home/kanishk/DRL_robot_navigation_ros2/install/td3/share/td3//models/td_robot/velodyne_description/models/rs_robot/meshes/DAE/sensors/gim30/gim30.dae
[0.337s] -- Up-to-date: /home/kanishk/DRL_robot_navigation_ros2/install/td3/share/td3//models/td_robot/velodyne_description/models/rs_robot/meshes/DAE/base
[0.337s] -- Up-to-date: /home/kanishk/DRL_robot_navigation_ros2/install/td3/share/td3//models/td_robot/velodyne_description/models/rs_robot/meshes/DAE/base/base_linkOLD.dae
[0.337s] -- Up-to-date: /home/kanishk/DRL_robot_navigation_ros2/install/td3/share/td3//models/td_robot/velodyne_description/models/rs_robot/meshes/DAE/base/base_link.dae
[0.337s] -- Up-to-date: /home/kanishk/DRL_robot_navigation_ros2/install/td3/share/td3//models/td_robot/velodyne_description/models/rs_robot/meshes/DAE/wheel
[0.337s] -- Up-to-date: /home/kanishk/DRL_robot_navigation_ros2/install/td3/share/td3//models/td_robot/velodyne_description/models/rs_robot/meshes/DAE/wheel/wheel_link.dae
[0.337s] -- Up-to-date: /home/kanishk/DRL_robot_navigation_ros2/install/td3/share/td3//models/td_robot/velodyne_description/models/rs_robot/meshes/DAE/lidar_head
[0.337s] -- Up-to-date: /home/kanishk/DRL_robot_navigation_ros2/install/td3/share/td3//models/td_robot/velodyne_description/models/rs_robot/meshes/DAE/lidar_head/YDlidar_head.dae
[0.337s] -- Up-to-date: /home/kanishk/DRL_robot_navigation_ros2/install/td3/share/td3//models/td_robot/velodyne_description/models/rs_robot/meshes/DAE/lidar_base
[0.337s] -- Up-to-date: /home/kanishk/DRL_robot_navigation_ros2/install/td3/share/td3//models/td_robot/velodyne_description/models/rs_robot/meshes/DAE/lidar_base/YDlidar_base.dae
[0.337s] -- Up-to-date: /home/kanishk/DRL_robot_navigation_ros2/install/td3/share/td3//models/td_robot/velodyne_description/meshes
[0.337s] -- Up-to-date: /home/kanishk/DRL_robot_navigation_ros2/install/td3/share/td3//models/td_robot/velodyne_description/meshes/HDL32E_base.dae
[0.337s] -- Up-to-date: /home/kanishk/DRL_robot_navigation_ros2/install/td3/share/td3//models/td_robot/velodyne_description/meshes/VLP16_base_1.stl
[0.337s] -- Up-to-date: /home/kanishk/DRL_robot_navigation_ros2/install/td3/share/td3//models/td_robot/velodyne_description/meshes/VLP16_base_2.stl
[0.337s] -- Up-to-date: /home/kanishk/DRL_robot_navigation_ros2/install/td3/share/td3//models/td_robot/velodyne_description/meshes/VLP16_base_2.dae
[0.338s] -- Up-to-date: /home/kanishk/DRL_robot_navigation_ros2/install/td3/share/td3//models/td_robot/velodyne_description/meshes/VLP16_scan.dae
[0.338s] -- Up-to-date: /home/kanishk/DRL_robot_navigation_ros2/install/td3/share/td3//models/td_robot/velodyne_description/meshes/VLP16_scan.stl
[0.338s] -- Up-to-date: /home/kanishk/DRL_robot_navigation_ros2/install/td3/share/td3//models/td_robot/velodyne_description/meshes/HDL32E_scan.dae
[0.338s] -- Up-to-date: /home/kanishk/DRL_robot_navigation_ros2/install/td3/share/td3//models/td_robot/velodyne_description/meshes/HDL32E_scan.stl
[0.338s] -- Up-to-date: /home/kanishk/DRL_robot_navigation_ros2/install/td3/share/td3//models/td_robot/velodyne_description/meshes/HDL32E_base.stl
[0.338s] -- Up-to-date: /home/kanishk/DRL_robot_navigation_ros2/install/td3/share/td3//models/td_robot/velodyne_description/meshes/VLP16_base_1.dae
[0.338s] -- Up-to-date: /home/kanishk/DRL_robot_navigation_ros2/install/td3/share/td3//models/td_robot/velodyne_description/package.xml
[0.339s] -- Up-to-date: /home/kanishk/DRL_robot_navigation_ros2/install/td3/share/td3//models/td_robot/velodyne_description/CHANGELOG.rst
[0.339s] -- Up-to-date: /home/kanishk/DRL_robot_navigation_ros2/install/td3/share/td3//scripts
[0.339s] -- Up-to-date: /home/kanishk/DRL_robot_navigation_ros2/install/td3/share/td3//scripts/replay_buffer.py
[0.339s] -- Up-to-date: /home/kanishk/DRL_robot_navigation_ros2/install/td3/share/td3//scripts/results
[0.339s] -- Up-to-date: /home/kanishk/DRL_robot_navigation_ros2/install/td3/share/td3//scripts/results/TD3_velodyne.npy
[0.339s] -- Installing: /home/kanishk/DRL_robot_navigation_ros2/install/td3/share/td3//scripts/results/td3_velodyne.npy
[0.339s] -- Up-to-date: /home/kanishk/DRL_robot_navigation_ros2/install/td3/share/td3//scripts/point_cloud2.py
[0.339s] -- Up-to-date: /home/kanishk/DRL_robot_navigation_ros2/install/td3/share/td3//scripts/pytorch_models
[0.340s] -- Installing: /home/kanishk/DRL_robot_navigation_ros2/install/td3/share/td3//scripts/pytorch_models/td3_velodyne_actor.pth
[0.340s] -- Installing: /home/kanishk/DRL_robot_navigation_ros2/install/td3/share/td3//scripts/pytorch_models/td3_velodyne_critic.pth
[0.340s] -- Installing: /home/kanishk/DRL_robot_navigation_ros2/install/td3/share/td3//scripts/train_velodyne_node.py
[0.340s] -- Up-to-date: /home/kanishk/DRL_robot_navigation_ros2/install/td3/share/td3//scripts/runs
[0.340s] -- Installing: /home/kanishk/DRL_robot_navigation_ros2/install/td3/share/td3//scripts/runs/events.out.tfevents.1732656328.kanishk-OMEN-Laptop-15-ek0xxx.40016.0
[0.340s] -- Up-to-date: /home/kanishk/DRL_robot_navigation_ros2/install/td3/share/td3//scripts/runs/events.out.tfevents.1680403642.robotmania-MINIPC-PA90.28717.0
[0.340s] -- Installing: /home/kanishk/DRL_robot_navigation_ros2/install/td3/share/td3//scripts/runs/events.out.tfevents.1732657002.kanishk-OMEN-Laptop-15-ek0xxx.42899.0
[0.340s] -- Up-to-date: /home/kanishk/DRL_robot_navigation_ros2/install/td3/share/td3//scripts/runs/events.out.tfevents.1680403580.robotmania-MINIPC-PA90.28181.0
[0.340s] -- Installing: /home/kanishk/DRL_robot_navigation_ros2/install/td3/share/td3//scripts/runs/events.out.tfevents.1732656301.kanishk-OMEN-Laptop-15-ek0xxx.39654.0
[0.340s] -- Installing: /home/kanishk/DRL_robot_navigation_ros2/install/td3/share/td3//scripts/runs/events.out.tfevents.1732656905.kanishk-OMEN-Laptop-15-ek0xxx.42758.0
[0.340s] -- Installing: /home/kanishk/DRL_robot_navigation_ros2/install/td3/share/td3//scripts/runs/events.out.tfevents.1732658835.kanishk-OMEN-Laptop-15-ek0xxx.5173.0
[0.341s] -- Installing: /home/kanishk/DRL_robot_navigation_ros2/install/td3/share/td3//scripts/runs/events.out.tfevents.1732657017.kanishk-OMEN-Laptop-15-ek0xxx.43373.0
[0.341s] -- Installing: /home/kanishk/DRL_robot_navigation_ros2/install/td3/share/td3//scripts/runs/events.out.tfevents.1732657108.kanishk-OMEN-Laptop-15-ek0xxx.43727.0
[0.341s] -- Installing: /home/kanishk/DRL_robot_navigation_ros2/install/td3/share/td3//scripts/runs/events.out.tfevents.1732656274.kanishk-OMEN-Laptop-15-ek0xxx.39201.0
[0.342s] -- Installing: /home/kanishk/DRL_robot_navigation_ros2/install/td3/share/td3//scripts/runs/events.out.tfevents.1732656778.kanishk-OMEN-Laptop-15-ek0xxx.41379.0
[0.342s] -- Installing: /home/kanishk/DRL_robot_navigation_ros2/install/td3/share/td3//scripts/runs/events.out.tfevents.1732657398.kanishk-OMEN-Laptop-15-ek0xxx.3837.0
[0.342s] -- Installing: /home/kanishk/DRL_robot_navigation_ros2/install/td3/share/td3//scripts/runs/events.out.tfevents.1733508863.kanishk-OMEN-Laptop-15-ek0xxx.6581.0
[0.343s] -- Installing: /home/kanishk/DRL_robot_navigation_ros2/install/td3/share/td3//scripts/__pycache__
[0.343s] -- Installing: /home/kanishk/DRL_robot_navigation_ros2/install/td3/share/td3//scripts/__pycache__/point_cloud2.cpython-38.pyc
[0.343s] -- Installing: /home/kanishk/DRL_robot_navigation_ros2/install/td3/share/td3//scripts/__pycache__/replay_buffer.cpython-38.pyc
[0.344s] -- Installing: /home/kanishk/DRL_robot_navigation_ros2/install/td3/share/td3//scripts/test_velodyne_node.py
[0.344s] -- Up-to-date: /home/kanishk/DRL_robot_navigation_ros2/install/td3/share/td3//urdf
[0.344s] -- Up-to-date: /home/kanishk/DRL_robot_navigation_ros2/install/td3/share/td3//urdf/meshes
[0.345s] -- Up-to-date: /home/kanishk/DRL_robot_navigation_ros2/install/td3/share/td3//urdf/meshes/p3dx
[0.345s] -- Up-to-date: /home/kanishk/DRL_robot_navigation_ros2/install/td3/share/td3//urdf/meshes/p3dx/back_rim.stl
[0.345s] -- Up-to-date: /home/kanishk/DRL_robot_navigation_ros2/install/td3/share/td3//urdf/meshes/p3dx/chassis.stl
[0.345s] -- Up-to-date: /home/kanishk/DRL_robot_navigation_ros2/install/td3/share/td3//urdf/meshes/p3dx/front_rim.stl
[0.346s] -- Up-to-date: /home/kanishk/DRL_robot_navigation_ros2/install/td3/share/td3//urdf/meshes/p3dx/left_wheel.stl
[0.346s] -- Up-to-date: /home/kanishk/DRL_robot_navigation_ros2/install/td3/share/td3//urdf/meshes/p3dx/swivel.stl
[0.346s] -- Up-to-date: /home/kanishk/DRL_robot_navigation_ros2/install/td3/share/td3//urdf/meshes/p3dx/front_sonar.stl
[0.346s] -- Up-to-date: /home/kanishk/DRL_robot_navigation_ros2/install/td3/share/td3//urdf/meshes/p3dx/right_wheel.stl
[0.346s] -- Up-to-date: /home/kanishk/DRL_robot_navigation_ros2/install/td3/share/td3//urdf/meshes/p3dx/Coordinates
[0.346s] -- Up-to-date: /home/kanishk/DRL_robot_navigation_ros2/install/td3/share/td3//urdf/meshes/p3dx/center_hubcap.stl
[0.346s] -- Up-to-date: /home/kanishk/DRL_robot_navigation_ros2/install/td3/share/td3//urdf/meshes/p3dx/left_hubcap.stl
[0.347s] -- Up-to-date: /home/kanishk/DRL_robot_navigation_ros2/install/td3/share/td3//urdf/meshes/p3dx/back_sonar.stl
[0.347s] -- Up-to-date: /home/kanishk/DRL_robot_navigation_ros2/install/td3/share/td3//urdf/meshes/p3dx/center_wheel.stl
[0.347s] -- Up-to-date: /home/kanishk/DRL_robot_navigation_ros2/install/td3/share/td3//urdf/meshes/p3dx/top.stl
[0.347s] -- Up-to-date: /home/kanishk/DRL_robot_navigation_ros2/install/td3/share/td3//urdf/meshes/p3dx/right_hubcap.stl
[0.347s] -- Up-to-date: /home/kanishk/DRL_robot_navigation_ros2/install/td3/share/td3//urdf/meshes/laser
[0.347s] -- Up-to-date: /home/kanishk/DRL_robot_navigation_ros2/install/td3/share/td3//urdf/meshes/laser/hokuyo.dae
[0.347s] -- Up-to-date: /home/kanishk/DRL_robot_navigation_ros2/install/td3/share/td3//urdf/td_robot.urdf
[0.347s] -- Up-to-date: /home/kanishk/DRL_robot_navigation_ros2/install/td3/share/td3//worlds
[0.347s] -- Up-to-date: /home/kanishk/DRL_robot_navigation_ros2/install/td3/share/td3//worlds/td3.world
[0.347s] -- Up-to-date: /home/kanishk/DRL_robot_navigation_ros2/install/td3/lib/td3/replay_buffer.py
[0.347s] -- Installing: /home/kanishk/DRL_robot_navigation_ros2/install/td3/lib/td3/test_velodyne_node.py
[0.348s] -- Installing: /home/kanishk/DRL_robot_navigation_ros2/install/td3/lib/td3/train_velodyne_node.py
[0.348s] -- Up-to-date: /home/kanishk/DRL_robot_navigation_ros2/install/td3/lib/td3/point_cloud2.py
[0.348s] -- Up-to-date: /home/kanishk/DRL_robot_navigation_ros2/install/td3/lib/td3/multi_robot_scenario.launch.py
[0.348s] -- Up-to-date: /home/kanishk/DRL_robot_navigation_ros2/install/td3/lib/td3/robot_state_publisher.launch.py
[0.348s] -- Up-to-date: /home/kanishk/DRL_robot_navigation_ros2/install/td3/lib/td3/training_simulation.launch.py
[0.348s] -- Up-to-date: /home/kanishk/DRL_robot_navigation_ros2/install/td3/lib/td3/test_simulation.launch.py
[0.348s] -- Up-to-date: /home/kanishk/DRL_robot_navigation_ros2/install/td3/lib/td3/pioneer3dx.rviz
[0.348s] -- Up-to-date: /home/kanishk/DRL_robot_navigation_ros2/install/td3/share/ament_index/resource_index/package_run_dependencies/td3
[0.348s] -- Up-to-date: /home/kanishk/DRL_robot_navigation_ros2/install/td3/share/ament_index/resource_index/parent_prefix_path/td3
[0.348s] -- Up-to-date: /home/kanishk/DRL_robot_navigation_ros2/install/td3/share/td3/environment/ament_prefix_path.sh
[0.348s] -- Up-to-date: /home/kanishk/DRL_robot_navigation_ros2/install/td3/share/td3/environment/ament_prefix_path.dsv
[0.348s] -- Up-to-date: /home/kanishk/DRL_robot_navigation_ros2/install/td3/share/td3/environment/path.sh
[0.348s] -- Up-to-date: /home/kanishk/DRL_robot_navigation_ros2/install/td3/share/td3/environment/path.dsv
[0.348s] -- Up-to-date: /home/kanishk/DRL_robot_navigation_ros2/install/td3/share/td3/local_setup.bash
[0.348s] -- Up-to-date: /home/kanishk/DRL_robot_navigation_ros2/install/td3/share/td3/local_setup.sh
[0.348s] -- Up-to-date: /home/kanishk/DRL_robot_navigation_ros2/install/td3/share/td3/local_setup.zsh
[0.349s] -- Up-to-date: /home/kanishk/DRL_robot_navigation_ros2/install/td3/share/td3/local_setup.dsv
[0.349s] -- Up-to-date: /home/kanishk/DRL_robot_navigation_ros2/install/td3/share/td3/package.dsv
[0.349s] -- Up-to-date: /home/kanishk/DRL_robot_navigation_ros2/install/td3/share/ament_index/resource_index/packages/td3
[0.349s] -- Up-to-date: /home/kanishk/DRL_robot_navigation_ros2/install/td3/share/td3/cmake/td3Config.cmake
[0.349s] -- Up-to-date: /home/kanishk/DRL_robot_navigation_ros2/install/td3/share/td3/cmake/td3Config-version.cmake
[0.349s] -- Up-to-date: /home/kanishk/DRL_robot_navigation_ros2/install/td3/share/td3/package.xml
[0.352s] Invoked command in '/home/kanishk/DRL_robot_navigation_ros2/build/td3' returned '0': /usr/bin/cmake --install /home/kanishk/DRL_robot_navigation_ros2/build/td3
